[0.000000] (-) TimerEvent: {}
[0.000117] (lower_level) JobQueued: {'identifier': 'lower_level', 'dependencies': OrderedDict()}
[0.000148] (lower_level) JobStarted: {'identifier': 'lower_level'}
[0.097815] (-) TimerEvent: {}
[0.198109] (-) TimerEvent: {}
[0.298395] (-) TimerEvent: {}
[0.398659] (-) TimerEvent: {}
[0.498894] (-) TimerEvent: {}
[0.599166] (-) TimerEvent: {}
[0.699400] (-) TimerEvent: {}
[0.799662] (-) TimerEvent: {}
[0.899935] (-) TimerEvent: {}
[1.000212] (-) TimerEvent: {}
[1.029642] (lower_level) Command: {'cmd': ['/usr/bin/python3', '-W', 'ignore:setup.py install is deprecated', 'setup.py', 'egg_info', '--egg-base', '../../build/lower_level', 'build', '--build-base', '/users/student/2022chojnackay/Bureau/EI/teamplutoei/build/lower_level/build', 'install', '--record', '/users/student/2022chojnackay/Bureau/EI/teamplutoei/build/lower_level/install.log', '--single-version-externally-managed', 'install_data'], 'cwd': '/users/student/2022chojnackay/Bureau/EI/teamplutoei/src/lower_level', 'env': {'GJS_DEBUG_TOPICS': 'JS ERROR;JS LOG', 'USER': '2022chojnackay', 'XDG_SESSION_TYPE': 'wayland', 'GIT_ASKPASS': '/usr/share/code/resources/app/extensions/git/dist/askpass.sh', 'SHLVL': '1', 'LD_LIBRARY_PATH': '/usr/lib/x86_64-linux-gnu/gazebo-11/plugins:/opt/ros/humble/opt/rviz_ogre_vendor/lib:/opt/ros/humble/lib/x86_64-linux-gnu:/opt/ros/humble/lib', 'HOME': '/users/student/2022chojnackay', 'CHROME_DESKTOP': 'code-url-handler.desktop', 'OLDPWD': '/users/student/2022chojnackay/Bureau/EI', 'TERM_PROGRAM_VERSION': '1.79.2', 'DESKTOP_SESSION': 'ubuntu', 'GIO_LAUNCHED_DESKTOP_FILE': '/usr/share/applications/code.desktop', 'ROS_PYTHON_VERSION': '3', 'GNOME_SHELL_SESSION_MODE': 'ubuntu', 'GTK_MODULES': 'gail:atk-bridge', 'VSCODE_GIT_ASKPASS_MAIN': '/usr/share/code/resources/app/extensions/git/dist/askpass-main.js', 'VSCODE_GIT_ASKPASS_NODE': '/usr/share/code/code', 'MANAGERPID': '1837', 'SYSTEMD_EXEC_PID': '1982', 'IM_CONFIG_CHECK_ENV': '1', 'DBUS_SESSION_BUS_ADDRESS': 'unix:path=/run/user/310673/bus', 'COLORTERM': 'truecolor', 'GIO_LAUNCHED_DESKTOP_FILE_PID': '2450', 'IM_CONFIG_PHASE': '1', 'WAYLAND_DISPLAY': 'wayland-0', 'COLCON_PREFIX_PATH': '/users/student/2022chojnackay/Bureau/EI/install', 'ROS_DISTRO': 'humble', 'LOGNAME': '2022chojnackay', 'JOURNAL_STREAM': '8:31361', '_': '/usr/bin/colcon', 'ROS_VERSION': '2', 'XDG_SESSION_CLASS': 'user', 'USERNAME': '2022chojnackay', 'TERM': 'xterm-256color', 'GNOME_DESKTOP_SESSION_ID': 'this-is-deprecated', 'ROS_LOCALHOST_ONLY': '0', 'PATH': '/opt/ros/humble/bin:/usr/local/sbin:/usr/local/bin:/usr/sbin:/usr/bin:/sbin:/bin:/usr/games:/usr/local/games:/snap/bin:/snap/bin', 'SESSION_MANAGER': 'local/mfopt14:@/tmp/.ICE-unix/1958,unix/mfopt14:/tmp/.ICE-unix/1958', 'INVOCATION_ID': 'cb71da305d204073996ee8710164f6d3', 'XDG_MENU_PREFIX': 'gnome-', 'GNOME_SETUP_DISPLAY': ':1', 'XDG_RUNTIME_DIR': '/run/user/310673', 'GDK_BACKEND': 'x11', 'DISPLAY': ':0', 'LANG': 'fr_FR.UTF-8', 'XDG_CURRENT_DESKTOP': 'Unity', 'XMODIFIERS': '@im=ibus', 'XDG_SESSION_DESKTOP': 'ubuntu', 'XAUTHORITY': '/run/user/310673/.mutter-Xwaylandauth.KMLQW2', 'VSCODE_GIT_IPC_HANDLE': '/run/user/310673/vscode-git-ca4045a4f1.sock', 'TERM_PROGRAM': 'vscode', 'SSH_AGENT_LAUNCHER': 'gnome-keyring', 'SSH_AUTH_SOCK': '/run/user/310673/keyring/ssh', 'ROS_DOMAIN_ID': '17', 'AMENT_PREFIX_PATH': '/users/student/2022chojnackay/Bureau/EI/install/lower_level:/opt/ros/humble', 'ORIGINAL_XDG_CURRENT_DESKTOP': 'ubuntu:GNOME', 'SHELL': '/bin/bash', 'QT_ACCESSIBILITY': '1', 'GDMSESSION': 'ubuntu', 'GJS_DEBUG_OUTPUT': 'stderr', 'VSCODE_GIT_ASKPASS_EXTRA_ARGS': '--ms-enable-electron-run-as-node', 'QT_IM_MODULE': 'ibus', 'PWD': '/users/student/2022chojnackay/Bureau/EI/teamplutoei/build/lower_level', 'XDG_CONFIG_DIRS': '/etc/xdg/xdg-ubuntu:/etc/xdg', 'XDG_DATA_DIRS': '/usr/share/ubuntu:/usr/local/share/:/usr/share/:/var/lib/snapd/desktop', 'PYTHONPATH': '/users/student/2022chojnackay/Bureau/EI/teamplutoei/build/lower_level/prefix_override:/usr/lib/python3/dist-packages/colcon_core/task/python/colcon_distutils_commands:/users/student/2022chojnackay/Bureau/EI/teamplutoei/install/lower_level/lib/python3.10/site-packages:/users/student/2022chojnackay/Bureau/EI/install/lower_level/lib/python3.10/site-packages:/opt/ros/humble/lib/python3.10/site-packages:/opt/ros/humble/local/lib/python3.10/dist-packages', 'COLCON': '1'}, 'shell': False}
[1.100293] (-) TimerEvent: {}
[1.200579] (-) TimerEvent: {}
[1.300840] (-) TimerEvent: {}
[1.343963] (lower_level) StdoutLine: {'line': b'running egg_info\n'}
[1.345073] (lower_level) StdoutLine: {'line': b'creating ../../build/lower_level/lower_level.egg-info\n'}
[1.348625] (lower_level) StdoutLine: {'line': b'writing ../../build/lower_level/lower_level.egg-info/PKG-INFO\n'}
[1.358576] (lower_level) StdoutLine: {'line': b'writing dependency_links to ../../build/lower_level/lower_level.egg-info/dependency_links.txt\n'}
[1.362807] (lower_level) StdoutLine: {'line': b'writing entry points to ../../build/lower_level/lower_level.egg-info/entry_points.txt\n'}
[1.366748] (lower_level) StdoutLine: {'line': b'writing requirements to ../../build/lower_level/lower_level.egg-info/requires.txt\n'}
[1.369992] (lower_level) StdoutLine: {'line': b'writing top-level names to ../../build/lower_level/lower_level.egg-info/top_level.txt\n'}
[1.375214] (lower_level) StdoutLine: {'line': b"writing manifest file '../../build/lower_level/lower_level.egg-info/SOURCES.txt'\n"}
[1.383646] (lower_level) StdoutLine: {'line': b"reading manifest file '../../build/lower_level/lower_level.egg-info/SOURCES.txt'\n"}
[1.386521] (lower_level) StdoutLine: {'line': b"writing manifest file '../../build/lower_level/lower_level.egg-info/SOURCES.txt'\n"}
[1.389472] (lower_level) StdoutLine: {'line': b'running build\n'}
[1.389579] (lower_level) StdoutLine: {'line': b'running build_py\n'}
[1.391010] (lower_level) StdoutLine: {'line': b'creating /users/student/2022chojnackay/Bureau/EI/teamplutoei/build/lower_level/build\n'}
[1.392567] (lower_level) StdoutLine: {'line': b'creating /users/student/2022chojnackay/Bureau/EI/teamplutoei/build/lower_level/build/lib\n'}
[1.394268] (lower_level) StdoutLine: {'line': b'creating /users/student/2022chojnackay/Bureau/EI/teamplutoei/build/lower_level/build/lib/lower_level\n'}
[1.396659] (lower_level) StdoutLine: {'line': b'copying lower_level/pid.py -> /users/student/2022chojnackay/Bureau/EI/teamplutoei/build/lower_level/build/lib/lower_level\n'}
[1.400902] (-) TimerEvent: {}
[1.402603] (lower_level) StdoutLine: {'line': b'copying lower_level/speed_controller.py -> /users/student/2022chojnackay/Bureau/EI/teamplutoei/build/lower_level/build/lib/lower_level\n'}
[1.409414] (lower_level) StdoutLine: {'line': b'copying lower_level/__init__.py -> /users/student/2022chojnackay/Bureau/EI/teamplutoei/build/lower_level/build/lib/lower_level\n'}
[1.414075] (lower_level) StdoutLine: {'line': b'copying lower_level/joyteleop.py -> /users/student/2022chojnackay/Bureau/EI/teamplutoei/build/lower_level/build/lib/lower_level\n'}
[1.420425] (lower_level) StdoutLine: {'line': b'copying lower_level/twist2pic.py -> /users/student/2022chojnackay/Bureau/EI/teamplutoei/build/lower_level/build/lib/lower_level\n'}
[1.426089] (lower_level) StdoutLine: {'line': b'running install\n'}
[1.426851] (lower_level) StdoutLine: {'line': b'running install_lib\n'}
[1.429229] (lower_level) StdoutLine: {'line': b'creating /users/student/2022chojnackay/Bureau/EI/teamplutoei/install/lower_level/lib/python3.10/site-packages/lower_level\n'}
[1.431312] (lower_level) StdoutLine: {'line': b'copying /users/student/2022chojnackay/Bureau/EI/teamplutoei/build/lower_level/build/lib/lower_level/pid.py -> /users/student/2022chojnackay/Bureau/EI/teamplutoei/install/lower_level/lib/python3.10/site-packages/lower_level\n'}
[1.438860] (lower_level) StdoutLine: {'line': b'copying /users/student/2022chojnackay/Bureau/EI/teamplutoei/build/lower_level/build/lib/lower_level/speed_controller.py -> /users/student/2022chojnackay/Bureau/EI/teamplutoei/install/lower_level/lib/python3.10/site-packages/lower_level\n'}
[1.445984] (lower_level) StdoutLine: {'line': b'copying /users/student/2022chojnackay/Bureau/EI/teamplutoei/build/lower_level/build/lib/lower_level/__init__.py -> /users/student/2022chojnackay/Bureau/EI/teamplutoei/install/lower_level/lib/python3.10/site-packages/lower_level\n'}
[1.452297] (lower_level) StdoutLine: {'line': b'copying /users/student/2022chojnackay/Bureau/EI/teamplutoei/build/lower_level/build/lib/lower_level/joyteleop.py -> /users/student/2022chojnackay/Bureau/EI/teamplutoei/install/lower_level/lib/python3.10/site-packages/lower_level\n'}
[1.459133] (lower_level) StdoutLine: {'line': b'copying /users/student/2022chojnackay/Bureau/EI/teamplutoei/build/lower_level/build/lib/lower_level/twist2pic.py -> /users/student/2022chojnackay/Bureau/EI/teamplutoei/install/lower_level/lib/python3.10/site-packages/lower_level\n'}
[1.468684] (lower_level) StdoutLine: {'line': b'byte-compiling /users/student/2022chojnackay/Bureau/EI/teamplutoei/install/lower_level/lib/python3.10/site-packages/lower_level/pid.py to pid.cpython-310.pyc\n'}
[1.479011] (lower_level) StdoutLine: {'line': b'byte-compiling /users/student/2022chojnackay/Bureau/EI/teamplutoei/install/lower_level/lib/python3.10/site-packages/lower_level/speed_controller.py to speed_controller.cpython-310.pyc\n'}
[1.488861] (lower_level) StdoutLine: {'line': b'byte-compiling /users/student/2022chojnackay/Bureau/EI/teamplutoei/install/lower_level/lib/python3.10/site-packages/lower_level/__init__.py to __init__.cpython-310.pyc\n'}
[1.495809] (lower_level) StdoutLine: {'line': b'byte-compiling /users/student/2022chojnackay/Bureau/EI/teamplutoei/install/lower_level/lib/python3.10/site-packages/lower_level/joyteleop.py to joyteleop.cpython-310.pyc\n'}
[1.500957] (-) TimerEvent: {}
[1.504093] (lower_level) StdoutLine: {'line': b'byte-compiling /users/student/2022chojnackay/Bureau/EI/teamplutoei/install/lower_level/lib/python3.10/site-packages/lower_level/twist2pic.py to twist2pic.cpython-310.pyc\n'}
[1.512595] (lower_level) StdoutLine: {'line': b'running install_data\n'}
[1.513850] (lower_level) StdoutLine: {'line': b'creating /users/student/2022chojnackay/Bureau/EI/teamplutoei/install/lower_level/share/ament_index\n'}
[1.516186] (lower_level) StdoutLine: {'line': b'creating /users/student/2022chojnackay/Bureau/EI/teamplutoei/install/lower_level/share/ament_index/resource_index\n'}
[1.517662] (lower_level) StdoutLine: {'line': b'creating /users/student/2022chojnackay/Bureau/EI/teamplutoei/install/lower_level/share/ament_index/resource_index/packages\n'}
[1.519910] (lower_level) StdoutLine: {'line': b'copying resource/lower_level -> /users/student/2022chojnackay/Bureau/EI/teamplutoei/install/lower_level/share/ament_index/resource_index/packages\n'}
[1.525807] (lower_level) StdoutLine: {'line': b'copying package.xml -> /users/student/2022chojnackay/Bureau/EI/teamplutoei/install/lower_level/share/lower_level\n'}
[1.532834] (lower_level) StdoutLine: {'line': b'copying launch/twist2piclaunch.py -> /users/student/2022chojnackay/Bureau/EI/teamplutoei/install/lower_level/share/lower_level\n'}
[1.539592] (lower_level) StdoutLine: {'line': b'running install_egg_info\n'}
[1.542808] (lower_level) StdoutLine: {'line': b'Copying ../../build/lower_level/lower_level.egg-info to /users/student/2022chojnackay/Bureau/EI/teamplutoei/install/lower_level/lib/python3.10/site-packages/lower_level-0.0.0-py3.10.egg-info\n'}
[1.601028] (-) TimerEvent: {}
[1.606973] (lower_level) StdoutLine: {'line': b'running install_scripts\n'}
[1.631092] (lower_level) StdoutLine: {'line': b'Installing joyteleop script to /users/student/2022chojnackay/Bureau/EI/teamplutoei/install/lower_level/lib/lower_level\n'}
[1.637381] (lower_level) StdoutLine: {'line': b'Installing speed_controller script to /users/student/2022chojnackay/Bureau/EI/teamplutoei/install/lower_level/lib/lower_level\n'}
[1.642423] (lower_level) StdoutLine: {'line': b'Installing twist2pic script to /users/student/2022chojnackay/Bureau/EI/teamplutoei/install/lower_level/lib/lower_level\n'}
[1.647548] (lower_level) StdoutLine: {'line': b"writing list of installed files to '/users/student/2022chojnackay/Bureau/EI/teamplutoei/build/lower_level/install.log'\n"}
[1.674863] (lower_level) CommandEnded: {'returncode': 0}
[1.701103] (-) TimerEvent: {}
[1.750311] (lower_level) JobEnded: {'identifier': 'lower_level', 'rc': 0}
[1.756474] (-) EventReactorShutdown: {}
