[0.127s] DEBUG:colcon:Command line arguments: ['/usr/bin/colcon', 'build']
[0.127s] DEBUG:colcon:Parsed command line arguments: Namespace(log_base=None, log_level=None, verb_name='build', build_base='build', install_base='install', merge_install=False, symlink_install=False, test_result_base=None, continue_on_error=False, executor='parallel', parallel_workers=4, event_handlers=None, ignore_user_meta=False, metas=['./colcon.meta'], base_paths=['.'], packages_ignore=None, packages_ignore_regex=None, paths=None, packages_up_to=None, packages_up_to_regex=None, packages_above=None, packages_above_and_dependencies=None, packages_above_depth=None, packages_select_by_dep=None, packages_skip_by_dep=None, packages_skip_up_to=None, packages_select_build_failed=False, packages_skip_build_finished=False, packages_select_test_failures=False, packages_skip_test_passed=False, packages_select=None, packages_skip=None, packages_select_regex=None, packages_skip_regex=None, packages_start=None, packages_end=None, allow_overriding=[], cmake_args=None, cmake_target=None, cmake_target_skip_unavailable=False, cmake_clean_cache=False, cmake_clean_first=False, cmake_force_configure=False, ament_cmake_args=None, catkin_cmake_args=None, catkin_skip_building_tests=False, mixin_files=None, mixin=None, verb_parser=<colcon_mixin.mixin.mixin_argument.MixinArgumentDecorator object at 0x7f366e98d0f0>, verb_extension=<colcon_core.verb.build.BuildVerb object at 0x7f366eafea40>, main=<bound method BuildVerb.main of <colcon_core.verb.build.BuildVerb object at 0x7f366eafea40>>, mixin_verb=('build',))
[0.359s] Level 1:colcon.colcon_core.package_discovery:discover_packages(colcon_meta) check parameters
[0.359s] Level 1:colcon.colcon_core.package_discovery:discover_packages(recursive) check parameters
[0.359s] Level 1:colcon.colcon_core.package_discovery:discover_packages(ignore) check parameters
[0.361s] Level 1:colcon.colcon_core.package_discovery:discover_packages(path) check parameters
[0.361s] Level 1:colcon.colcon_core.package_discovery:discover_packages(colcon_meta) discover
[0.363s] Level 1:colcon.colcon_core.package_discovery:discover_packages(recursive) discover
[0.363s] INFO:colcon.colcon_core.package_discovery:Crawling recursively for packages in '/users/student/2022chojnackay/Bureau/EI/teamplutoei'
[0.365s] Level 1:colcon.colcon_core.package_identification:_identify(.) by extensions ['ignore', 'ignore_ament_install']
[0.366s] Level 1:colcon.colcon_core.package_identification:_identify(.) by extension 'ignore'
[0.368s] Level 1:colcon.colcon_core.package_identification:_identify(.) by extension 'ignore_ament_install'
[0.370s] Level 1:colcon.colcon_core.package_identification:_identify(.) by extensions ['colcon_pkg']
[0.371s] Level 1:colcon.colcon_core.package_identification:_identify(.) by extension 'colcon_pkg'
[0.371s] Level 1:colcon.colcon_core.package_identification:_identify(.) by extensions ['colcon_meta']
[0.373s] Level 1:colcon.colcon_core.package_identification:_identify(.) by extension 'colcon_meta'
[0.373s] Level 1:colcon.colcon_core.package_identification:_identify(.) by extensions ['ros']
[0.374s] Level 1:colcon.colcon_core.package_identification:_identify(.) by extension 'ros'
[0.394s] Level 1:colcon.colcon_core.package_identification:_identify(.) by extensions ['cmake', 'python']
[0.394s] Level 1:colcon.colcon_core.package_identification:_identify(.) by extension 'cmake'
[0.394s] Level 1:colcon.colcon_core.package_identification:_identify(.) by extension 'python'
[0.395s] Level 1:colcon.colcon_core.package_identification:_identify(.) by extensions ['python_setup_py']
[0.396s] Level 1:colcon.colcon_core.package_identification:_identify(.) by extension 'python_setup_py'
[0.398s] Level 1:colcon.colcon_core.package_identification:_identify(build) by extensions ['ignore', 'ignore_ament_install']
[0.398s] Level 1:colcon.colcon_core.package_identification:_identify(build) by extension 'ignore'
[0.400s] Level 1:colcon.colcon_core.package_identification:_identify(build) ignored
[0.402s] Level 1:colcon.colcon_core.package_identification:_identify(install) by extensions ['ignore', 'ignore_ament_install']
[0.403s] Level 1:colcon.colcon_core.package_identification:_identify(install) by extension 'ignore'
[0.405s] Level 1:colcon.colcon_core.package_identification:_identify(install) ignored
[0.406s] Level 1:colcon.colcon_core.package_identification:_identify(log) by extensions ['ignore', 'ignore_ament_install']
[0.406s] Level 1:colcon.colcon_core.package_identification:_identify(log) by extension 'ignore'
[0.408s] Level 1:colcon.colcon_core.package_identification:_identify(log) ignored
[0.409s] Level 1:colcon.colcon_core.package_identification:_identify(src) by extensions ['ignore', 'ignore_ament_install']
[0.410s] Level 1:colcon.colcon_core.package_identification:_identify(src) by extension 'ignore'
[0.411s] Level 1:colcon.colcon_core.package_identification:_identify(src) by extension 'ignore_ament_install'
[0.413s] Level 1:colcon.colcon_core.package_identification:_identify(src) by extensions ['colcon_pkg']
[0.414s] Level 1:colcon.colcon_core.package_identification:_identify(src) by extension 'colcon_pkg'
[0.414s] Level 1:colcon.colcon_core.package_identification:_identify(src) by extensions ['colcon_meta']
[0.416s] Level 1:colcon.colcon_core.package_identification:_identify(src) by extension 'colcon_meta'
[0.416s] Level 1:colcon.colcon_core.package_identification:_identify(src) by extensions ['ros']
[0.417s] Level 1:colcon.colcon_core.package_identification:_identify(src) by extension 'ros'
[0.417s] Level 1:colcon.colcon_core.package_identification:_identify(src) by extensions ['cmake', 'python']
[0.419s] Level 1:colcon.colcon_core.package_identification:_identify(src) by extension 'cmake'
[0.419s] Level 1:colcon.colcon_core.package_identification:_identify(src) by extension 'python'
[0.420s] Level 1:colcon.colcon_core.package_identification:_identify(src) by extensions ['python_setup_py']
[0.420s] Level 1:colcon.colcon_core.package_identification:_identify(src) by extension 'python_setup_py'
[0.422s] Level 1:colcon.colcon_core.package_identification:_identify(src/lower_level) by extensions ['ignore', 'ignore_ament_install']
[0.424s] Level 1:colcon.colcon_core.package_identification:_identify(src/lower_level) by extension 'ignore'
[0.425s] Level 1:colcon.colcon_core.package_identification:_identify(src/lower_level) by extension 'ignore_ament_install'
[0.426s] Level 1:colcon.colcon_core.package_identification:_identify(src/lower_level) by extensions ['colcon_pkg']
[0.427s] Level 1:colcon.colcon_core.package_identification:_identify(src/lower_level) by extension 'colcon_pkg'
[0.427s] Level 1:colcon.colcon_core.package_identification:_identify(src/lower_level) by extensions ['colcon_meta']
[0.428s] Level 1:colcon.colcon_core.package_identification:_identify(src/lower_level) by extension 'colcon_meta'
[0.429s] Level 1:colcon.colcon_core.package_identification:_identify(src/lower_level) by extensions ['ros']
[0.430s] Level 1:colcon.colcon_core.package_identification:_identify(src/lower_level) by extension 'ros'
[0.433s] DEBUG:colcon.colcon_core.package_identification:Package 'src/lower_level' with type 'ros.ament_python' and name 'lower_level'
[0.433s] Level 1:colcon.colcon_core.package_discovery:discover_packages(recursive) using defaults
[0.434s] Level 1:colcon.colcon_core.package_discovery:discover_packages(ignore) discover
[0.435s] Level 1:colcon.colcon_core.package_discovery:discover_packages(ignore) using defaults
[0.435s] Level 1:colcon.colcon_core.package_discovery:discover_packages(path) discover
[0.436s] Level 1:colcon.colcon_core.package_discovery:discover_packages(path) using defaults
[0.458s] Level 1:colcon.colcon_core.package_discovery:discover_packages(prefix_path) check parameters
[0.458s] Level 1:colcon.colcon_core.package_discovery:discover_packages(prefix_path) discover
[0.471s] DEBUG:colcon.colcon_installed_package_information.package_discovery:Found 1 installed packages in /users/student/2022chojnackay/Bureau/EI/install
[0.473s] DEBUG:colcon.colcon_installed_package_information.package_discovery:Found 346 installed packages in /opt/ros/humble
[0.475s] Level 1:colcon.colcon_core.package_discovery:discover_packages(prefix_path) using defaults
[0.524s] Level 5:colcon.colcon_core.verb:set package 'lower_level' build argument 'cmake_args' from command line to 'None'
[0.524s] Level 5:colcon.colcon_core.verb:set package 'lower_level' build argument 'cmake_target' from command line to 'None'
[0.524s] Level 5:colcon.colcon_core.verb:set package 'lower_level' build argument 'cmake_target_skip_unavailable' from command line to 'False'
[0.524s] Level 5:colcon.colcon_core.verb:set package 'lower_level' build argument 'cmake_clean_cache' from command line to 'False'
[0.526s] Level 5:colcon.colcon_core.verb:set package 'lower_level' build argument 'cmake_clean_first' from command line to 'False'
[0.527s] Level 5:colcon.colcon_core.verb:set package 'lower_level' build argument 'cmake_force_configure' from command line to 'False'
[0.527s] Level 5:colcon.colcon_core.verb:set package 'lower_level' build argument 'ament_cmake_args' from command line to 'None'
[0.529s] Level 5:colcon.colcon_core.verb:set package 'lower_level' build argument 'catkin_cmake_args' from command line to 'None'
[0.529s] Level 5:colcon.colcon_core.verb:set package 'lower_level' build argument 'catkin_skip_building_tests' from command line to 'False'
[0.529s] DEBUG:colcon.colcon_core.verb:Building package 'lower_level' with the following arguments: {'ament_cmake_args': None, 'build_base': '/users/student/2022chojnackay/Bureau/EI/teamplutoei/build/lower_level', 'catkin_cmake_args': None, 'catkin_skip_building_tests': False, 'cmake_args': None, 'cmake_clean_cache': False, 'cmake_clean_first': False, 'cmake_force_configure': False, 'cmake_target': None, 'cmake_target_skip_unavailable': False, 'install_base': '/users/student/2022chojnackay/Bureau/EI/teamplutoei/install/lower_level', 'merge_install': False, 'path': '/users/student/2022chojnackay/Bureau/EI/teamplutoei/src/lower_level', 'symlink_install': False, 'test_result_base': None}
[0.531s] INFO:colcon.colcon_core.executor:Executing jobs using 'parallel' executor
[0.533s] DEBUG:colcon.colcon_parallel_executor.executor.parallel:run_until_complete
[0.534s] INFO:colcon.colcon_ros.task.ament_python.build:Building ROS package in '/users/student/2022chojnackay/Bureau/EI/teamplutoei/src/lower_level' with build type 'ament_python'
[0.535s] Level 1:colcon.colcon_core.shell:create_environment_hook('lower_level', 'ament_prefix_path')
[0.537s] INFO:colcon.colcon_core.plugin_system:Skipping extension 'colcon_core.shell.bat': Not used on non-Windows systems
[0.538s] INFO:colcon.colcon_core.shell:Creating environment hook '/users/student/2022chojnackay/Bureau/EI/teamplutoei/install/lower_level/share/lower_level/hook/ament_prefix_path.ps1'
[0.544s] INFO:colcon.colcon_core.shell:Creating environment descriptor '/users/student/2022chojnackay/Bureau/EI/teamplutoei/install/lower_level/share/lower_level/hook/ament_prefix_path.dsv'
[0.549s] INFO:colcon.colcon_core.shell:Creating environment hook '/users/student/2022chojnackay/Bureau/EI/teamplutoei/install/lower_level/share/lower_level/hook/ament_prefix_path.sh'
[0.554s] INFO:colcon.colcon_core.shell:Skip shell extension 'powershell' for command environment: Not usable outside of PowerShell
[0.554s] DEBUG:colcon.colcon_core.shell:Skip shell extension 'dsv' for command environment
[0.901s] INFO:colcon.colcon_core.task.python.build:Building Python package in '/users/student/2022chojnackay/Bureau/EI/teamplutoei/src/lower_level'
[0.902s] INFO:colcon.colcon_core.shell:Skip shell extension 'powershell' for command environment: Not usable outside of PowerShell
[0.903s] DEBUG:colcon.colcon_core.shell:Skip shell extension 'dsv' for command environment
[1.538s] DEBUG:colcon.colcon_core.event_handler.log_command:Invoking command in '/users/student/2022chojnackay/Bureau/EI/teamplutoei/src/lower_level': PYTHONPATH=/users/student/2022chojnackay/Bureau/EI/teamplutoei/build/lower_level/prefix_override:/usr/lib/python3/dist-packages/colcon_core/task/python/colcon_distutils_commands:/users/student/2022chojnackay/Bureau/EI/teamplutoei/install/lower_level/lib/python3.10/site-packages:${PYTHONPATH} /usr/bin/python3 -W ignore:setup.py install is deprecated setup.py egg_info --egg-base ../../build/lower_level build --build-base /users/student/2022chojnackay/Bureau/EI/teamplutoei/build/lower_level/build install --record /users/student/2022chojnackay/Bureau/EI/teamplutoei/build/lower_level/install.log --single-version-externally-managed install_data
[2.080s] DEBUG:colcon.colcon_core.event_handler.log_command:Invoked command in '/users/student/2022chojnackay/Bureau/EI/teamplutoei/src/lower_level' returned '0': PYTHONPATH=/users/student/2022chojnackay/Bureau/EI/teamplutoei/build/lower_level/prefix_override:/usr/lib/python3/dist-packages/colcon_core/task/python/colcon_distutils_commands:/users/student/2022chojnackay/Bureau/EI/teamplutoei/install/lower_level/lib/python3.10/site-packages:${PYTHONPATH} /usr/bin/python3 -W ignore:setup.py install is deprecated setup.py egg_info --egg-base ../../build/lower_level build --build-base /users/student/2022chojnackay/Bureau/EI/teamplutoei/build/lower_level/build install --record /users/student/2022chojnackay/Bureau/EI/teamplutoei/build/lower_level/install.log --single-version-externally-managed install_data
[2.082s] Level 1:colcon.colcon_core.environment:checking '/users/student/2022chojnackay/Bureau/EI/teamplutoei/install/lower_level' for CMake module files
[2.083s] Level 1:colcon.colcon_core.environment:checking '/users/student/2022chojnackay/Bureau/EI/teamplutoei/install/lower_level' for CMake config files
[2.092s] Level 1:colcon.colcon_core.environment:checking '/users/student/2022chojnackay/Bureau/EI/teamplutoei/install/lower_level/lib'
[2.093s] Level 1:colcon.colcon_core.environment:checking '/users/student/2022chojnackay/Bureau/EI/teamplutoei/install/lower_level/bin'
[2.094s] Level 1:colcon.colcon_core.environment:checking '/users/student/2022chojnackay/Bureau/EI/teamplutoei/install/lower_level/lib/pkgconfig/lower_level.pc'
[2.094s] Level 1:colcon.colcon_core.environment:checking '/users/student/2022chojnackay/Bureau/EI/teamplutoei/install/lower_level/lib/python3.10/site-packages'
[2.095s] Level 1:colcon.colcon_core.shell:create_environment_hook('lower_level', 'pythonpath')
[2.097s] INFO:colcon.colcon_core.shell:Creating environment hook '/users/student/2022chojnackay/Bureau/EI/teamplutoei/install/lower_level/share/lower_level/hook/pythonpath.ps1'
[2.103s] INFO:colcon.colcon_core.shell:Creating environment descriptor '/users/student/2022chojnackay/Bureau/EI/teamplutoei/install/lower_level/share/lower_level/hook/pythonpath.dsv'
[2.108s] INFO:colcon.colcon_core.shell:Creating environment hook '/users/student/2022chojnackay/Bureau/EI/teamplutoei/install/lower_level/share/lower_level/hook/pythonpath.sh'
[2.113s] Level 1:colcon.colcon_core.environment:checking '/users/student/2022chojnackay/Bureau/EI/teamplutoei/install/lower_level/bin'
[2.113s] Level 1:colcon.colcon_core.environment:create_environment_scripts_only(lower_level)
[2.113s] INFO:colcon.colcon_core.shell:Creating package script '/users/student/2022chojnackay/Bureau/EI/teamplutoei/install/lower_level/share/lower_level/package.ps1'
[2.119s] INFO:colcon.colcon_core.shell:Creating package descriptor '/users/student/2022chojnackay/Bureau/EI/teamplutoei/install/lower_level/share/lower_level/package.dsv'
[2.125s] INFO:colcon.colcon_core.shell:Creating package script '/users/student/2022chojnackay/Bureau/EI/teamplutoei/install/lower_level/share/lower_level/package.sh'
[2.130s] INFO:colcon.colcon_core.shell:Creating package script '/users/student/2022chojnackay/Bureau/EI/teamplutoei/install/lower_level/share/lower_level/package.bash'
[2.135s] INFO:colcon.colcon_core.shell:Creating package script '/users/student/2022chojnackay/Bureau/EI/teamplutoei/install/lower_level/share/lower_level/package.zsh'
[2.139s] Level 1:colcon.colcon_core.environment:create_file_with_runtime_dependencies(/users/student/2022chojnackay/Bureau/EI/teamplutoei/install/lower_level/share/colcon-core/packages/lower_level)
[2.145s] DEBUG:colcon.colcon_parallel_executor.executor.parallel:closing loop
[2.145s] DEBUG:colcon.colcon_parallel_executor.executor.parallel:loop closed
[2.146s] DEBUG:colcon.colcon_parallel_executor.executor.parallel:run_until_complete finished with '0'
[2.146s] DEBUG:colcon.colcon_core.event_reactor:joining thread
[2.158s] INFO:colcon.colcon_core.plugin_system:Skipping extension 'colcon_notification.desktop_notification.terminal_notifier': Not used on non-Darwin systems
[2.158s] INFO:colcon.colcon_core.plugin_system:Skipping extension 'colcon_notification.desktop_notification.win32': Not used on non-Windows systems
[2.158s] INFO:colcon.colcon_notification.desktop_notification:Sending desktop notification using 'notify2'
[2.178s] DEBUG:colcon.colcon_core.event_reactor:joined thread
[2.179s] INFO:colcon.colcon_core.shell:Creating prefix script '/users/student/2022chojnackay/Bureau/EI/teamplutoei/install/local_setup.ps1'
[2.186s] INFO:colcon.colcon_core.shell:Creating prefix util module '/users/student/2022chojnackay/Bureau/EI/teamplutoei/install/_local_setup_util_ps1.py'
[2.194s] INFO:colcon.colcon_core.shell:Creating prefix chain script '/users/student/2022chojnackay/Bureau/EI/teamplutoei/install/setup.ps1'
[2.201s] INFO:colcon.colcon_core.shell:Creating prefix script '/users/student/2022chojnackay/Bureau/EI/teamplutoei/install/local_setup.sh'
[2.206s] INFO:colcon.colcon_core.shell:Creating prefix util module '/users/student/2022chojnackay/Bureau/EI/teamplutoei/install/_local_setup_util_sh.py'
[2.212s] INFO:colcon.colcon_core.shell:Creating prefix chain script '/users/student/2022chojnackay/Bureau/EI/teamplutoei/install/setup.sh'
[2.218s] INFO:colcon.colcon_core.shell:Creating prefix script '/users/student/2022chojnackay/Bureau/EI/teamplutoei/install/local_setup.bash'
[2.223s] INFO:colcon.colcon_core.shell:Creating prefix chain script '/users/student/2022chojnackay/Bureau/EI/teamplutoei/install/setup.bash'
[2.230s] INFO:colcon.colcon_core.shell:Creating prefix script '/users/student/2022chojnackay/Bureau/EI/teamplutoei/install/local_setup.zsh'
[2.235s] INFO:colcon.colcon_core.shell:Creating prefix chain script '/users/student/2022chojnackay/Bureau/EI/teamplutoei/install/setup.zsh'
