running egg_info
writing ../../build/advanced_behaviors/advanced_behaviors.egg-info/PKG-INFO
writing dependency_links to ../../build/advanced_behaviors/advanced_behaviors.egg-info/dependency_links.txt
writing entry points to ../../build/advanced_behaviors/advanced_behaviors.egg-info/entry_points.txt
writing requirements to ../../build/advanced_behaviors/advanced_behaviors.egg-info/requires.txt
writing top-level names to ../../build/advanced_behaviors/advanced_behaviors.egg-info/top_level.txt
reading manifest file '../../build/advanced_behaviors/advanced_behaviors.egg-info/SOURCES.txt'
writing manifest file '../../build/advanced_behaviors/advanced_behaviors.egg-info/SOURCES.txt'
running build
running build_py
running install
running install_lib
running install_data
running install_egg_info
removing '/home/mystudent/Documents/EiDrone/myworkspace/install/advanced_behaviors/lib/python3.10/site-packages/advanced_behaviors-0.0.0-py3.10.egg-info' (and everything under it)
Copying ../../build/advanced_behaviors/advanced_behaviors.egg-info to /home/mystudent/Documents/EiDrone/myworkspace/install/advanced_behaviors/lib/python3.10/site-packages/advanced_behaviors-0.0.0-py3.10.egg-info
running install_scripts
Installing slide script to /home/mystudent/Documents/EiDrone/myworkspace/install/advanced_behaviors/lib/advanced_behaviors
Installing u_turn script to /home/mystudent/Documents/EiDrone/myworkspace/install/advanced_behaviors/lib/advanced_behaviors
writing list of installed files to '/home/mystudent/Documents/EiDrone/myworkspace/build/advanced_behaviors/install.log'
