running egg_info
writing ../../build/low_level_control/low_level_control.egg-info/PKG-INFO
writing dependency_links to ../../build/low_level_control/low_level_control.egg-info/dependency_links.txt
writing entry points to ../../build/low_level_control/low_level_control.egg-info/entry_points.txt
writing requirements to ../../build/low_level_control/low_level_control.egg-info/requires.txt
writing top-level names to ../../build/low_level_control/low_level_control.egg-info/top_level.txt
reading manifest file '../../build/low_level_control/low_level_control.egg-info/SOURCES.txt'
writing manifest file '../../build/low_level_control/low_level_control.egg-info/SOURCES.txt'
running build
running build_py
running install
running install_lib
running install_data
running install_egg_info
removing '/home/mystudent/Documents/EiDrone/myworkspace/install/low_level_control/lib/python3.10/site-packages/low_level_control-0.0.0-py3.10.egg-info' (and everything under it)
Copying ../../build/low_level_control/low_level_control.egg-info to /home/mystudent/Documents/EiDrone/myworkspace/install/low_level_control/lib/python3.10/site-packages/low_level_control-0.0.0-py3.10.egg-info
running install_scripts
Installing pid script to /home/mystudent/Documents/EiDrone/myworkspace/install/low_level_control/lib/low_level_control
Installing speed_controller script to /home/mystudent/Documents/EiDrone/myworkspace/install/low_level_control/lib/low_level_control
writing list of installed files to '/home/mystudent/Documents/EiDrone/myworkspace/build/low_level_control/install.log'
