[1.681s] Invoking command in '/home/mystudent/Documents/EiDrone/myworkspace/src/low_level_control': PYTHONPATH=/home/mystudent/Documents/EiDrone/myworkspace/build/low_level_control/prefix_override:/usr/lib/python3/dist-packages/colcon_core/task/python/colcon_distutils_commands:/home/mystudent/Documents/EiDrone/myworkspace/install/low_level_control/lib/python3.10/site-packages:${PYTHONPATH} /usr/bin/python3 -W ignore:setup.py install is deprecated setup.py egg_info --egg-base ../../build/low_level_control build --build-base /home/mystudent/Documents/EiDrone/myworkspace/build/low_level_control/build install --record /home/mystudent/Documents/EiDrone/myworkspace/build/low_level_control/install.log --single-version-externally-managed install_data
[2.052s] running egg_info
[2.054s] writing ../../build/low_level_control/low_level_control.egg-info/PKG-INFO
[2.054s] writing dependency_links to ../../build/low_level_control/low_level_control.egg-info/dependency_links.txt
[2.054s] writing entry points to ../../build/low_level_control/low_level_control.egg-info/entry_points.txt
[2.055s] writing requirements to ../../build/low_level_control/low_level_control.egg-info/requires.txt
[2.055s] writing top-level names to ../../build/low_level_control/low_level_control.egg-info/top_level.txt
[2.059s] reading manifest file '../../build/low_level_control/low_level_control.egg-info/SOURCES.txt'
[2.060s] writing manifest file '../../build/low_level_control/low_level_control.egg-info/SOURCES.txt'
[2.060s] running build
[2.061s] running build_py
[2.061s] running install
[2.062s] running install_lib
[2.063s] running install_data
[2.063s] running install_egg_info
[2.066s] removing '/home/mystudent/Documents/EiDrone/myworkspace/install/low_level_control/lib/python3.10/site-packages/low_level_control-0.0.0-py3.10.egg-info' (and everything under it)
[2.066s] Copying ../../build/low_level_control/low_level_control.egg-info to /home/mystudent/Documents/EiDrone/myworkspace/install/low_level_control/lib/python3.10/site-packages/low_level_control-0.0.0-py3.10.egg-info
[2.067s] running install_scripts
[2.092s] Installing pid script to /home/mystudent/Documents/EiDrone/myworkspace/install/low_level_control/lib/low_level_control
[2.092s] Installing speed_controller script to /home/mystudent/Documents/EiDrone/myworkspace/install/low_level_control/lib/low_level_control
[2.092s] writing list of installed files to '/home/mystudent/Documents/EiDrone/myworkspace/build/low_level_control/install.log'
[2.128s] Invoked command in '/home/mystudent/Documents/EiDrone/myworkspace/src/low_level_control' returned '0': PYTHONPATH=/home/mystudent/Documents/EiDrone/myworkspace/build/low_level_control/prefix_override:/usr/lib/python3/dist-packages/colcon_core/task/python/colcon_distutils_commands:/home/mystudent/Documents/EiDrone/myworkspace/install/low_level_control/lib/python3.10/site-packages:${PYTHONPATH} /usr/bin/python3 -W ignore:setup.py install is deprecated setup.py egg_info --egg-base ../../build/low_level_control build --build-base /home/mystudent/Documents/EiDrone/myworkspace/build/low_level_control/build install --record /home/mystudent/Documents/EiDrone/myworkspace/build/low_level_control/install.log --single-version-externally-managed install_data
