[0.873s] Invoking command in '/home/mystudent/Documents/EiDrone/myworkspace/src/low_level_control': PYTHONPATH=/home/mystudent/Documents/EiDrone/myworkspace/build/low_level_control/prefix_override:/usr/lib/python3/dist-packages/colcon_core/task/python/colcon_distutils_commands:/home/mystudent/Documents/EiDrone/myworkspace/install/low_level_control/lib/python3.10/site-packages:${PYTHONPATH} /usr/bin/python3 -W ignore:setup.py install is deprecated setup.py egg_info --egg-base ../../build/low_level_control build --build-base /home/mystudent/Documents/EiDrone/myworkspace/build/low_level_control/build install --record /home/mystudent/Documents/EiDrone/myworkspace/build/low_level_control/install.log --single-version-externally-managed install_data
[1.155s] running egg_info
[1.156s] creating ../../build/low_level_control/low_level_control.egg-info
[1.157s] writing ../../build/low_level_control/low_level_control.egg-info/PKG-INFO
[1.157s] writing dependency_links to ../../build/low_level_control/low_level_control.egg-info/dependency_links.txt
[1.157s] writing entry points to ../../build/low_level_control/low_level_control.egg-info/entry_points.txt
[1.157s] writing requirements to ../../build/low_level_control/low_level_control.egg-info/requires.txt
[1.158s] writing top-level names to ../../build/low_level_control/low_level_control.egg-info/top_level.txt
[1.158s] writing manifest file '../../build/low_level_control/low_level_control.egg-info/SOURCES.txt'
[1.159s] reading manifest file '../../build/low_level_control/low_level_control.egg-info/SOURCES.txt'
[1.160s] writing manifest file '../../build/low_level_control/low_level_control.egg-info/SOURCES.txt'
[1.161s] running build
[1.161s] running build_py
[1.161s] creating /home/mystudent/Documents/EiDrone/myworkspace/build/low_level_control/build
[1.161s] creating /home/mystudent/Documents/EiDrone/myworkspace/build/low_level_control/build/lib
[1.161s] creating /home/mystudent/Documents/EiDrone/myworkspace/build/low_level_control/build/lib/low_level_control
[1.161s] copying low_level_control/pid.py -> /home/mystudent/Documents/EiDrone/myworkspace/build/low_level_control/build/lib/low_level_control
[1.161s] copying low_level_control/__init__.py -> /home/mystudent/Documents/EiDrone/myworkspace/build/low_level_control/build/lib/low_level_control
[1.161s] copying low_level_control/speed_controller.py -> /home/mystudent/Documents/EiDrone/myworkspace/build/low_level_control/build/lib/low_level_control
[1.161s] running install
[1.161s] running install_lib
[1.162s] creating /home/mystudent/Documents/EiDrone/myworkspace/install/low_level_control/lib/python3.10/site-packages/low_level_control
[1.162s] copying /home/mystudent/Documents/EiDrone/myworkspace/build/low_level_control/build/lib/low_level_control/pid.py -> /home/mystudent/Documents/EiDrone/myworkspace/install/low_level_control/lib/python3.10/site-packages/low_level_control
[1.162s] copying /home/mystudent/Documents/EiDrone/myworkspace/build/low_level_control/build/lib/low_level_control/__init__.py -> /home/mystudent/Documents/EiDrone/myworkspace/install/low_level_control/lib/python3.10/site-packages/low_level_control
[1.162s] copying /home/mystudent/Documents/EiDrone/myworkspace/build/low_level_control/build/lib/low_level_control/speed_controller.py -> /home/mystudent/Documents/EiDrone/myworkspace/install/low_level_control/lib/python3.10/site-packages/low_level_control
[1.163s] byte-compiling /home/mystudent/Documents/EiDrone/myworkspace/install/low_level_control/lib/python3.10/site-packages/low_level_control/pid.py to pid.cpython-310.pyc
[1.163s] byte-compiling /home/mystudent/Documents/EiDrone/myworkspace/install/low_level_control/lib/python3.10/site-packages/low_level_control/__init__.py to __init__.cpython-310.pyc
[1.163s] byte-compiling /home/mystudent/Documents/EiDrone/myworkspace/install/low_level_control/lib/python3.10/site-packages/low_level_control/speed_controller.py to speed_controller.cpython-310.pyc
[1.164s] running install_data
[1.164s] creating /home/mystudent/Documents/EiDrone/myworkspace/install/low_level_control/share/ament_index
[1.164s] creating /home/mystudent/Documents/EiDrone/myworkspace/install/low_level_control/share/ament_index/resource_index
[1.164s] creating /home/mystudent/Documents/EiDrone/myworkspace/install/low_level_control/share/ament_index/resource_index/packages
[1.165s] copying resource/low_level_control -> /home/mystudent/Documents/EiDrone/myworkspace/install/low_level_control/share/ament_index/resource_index/packages
[1.165s] copying package.xml -> /home/mystudent/Documents/EiDrone/myworkspace/install/low_level_control/share/low_level_control
[1.165s] running install_egg_info
[1.166s] Copying ../../build/low_level_control/low_level_control.egg-info to /home/mystudent/Documents/EiDrone/myworkspace/install/low_level_control/lib/python3.10/site-packages/low_level_control-0.0.0-py3.10.egg-info
[1.167s] running install_scripts
[1.186s] Installing pid script to /home/mystudent/Documents/EiDrone/myworkspace/install/low_level_control/lib/low_level_control
[1.186s] Installing speed_controller script to /home/mystudent/Documents/EiDrone/myworkspace/install/low_level_control/lib/low_level_control
[1.186s] writing list of installed files to '/home/mystudent/Documents/EiDrone/myworkspace/build/low_level_control/install.log'
[1.209s] Invoked command in '/home/mystudent/Documents/EiDrone/myworkspace/src/low_level_control' returned '0': PYTHONPATH=/home/mystudent/Documents/EiDrone/myworkspace/build/low_level_control/prefix_override:/usr/lib/python3/dist-packages/colcon_core/task/python/colcon_distutils_commands:/home/mystudent/Documents/EiDrone/myworkspace/install/low_level_control/lib/python3.10/site-packages:${PYTHONPATH} /usr/bin/python3 -W ignore:setup.py install is deprecated setup.py egg_info --egg-base ../../build/low_level_control build --build-base /home/mystudent/Documents/EiDrone/myworkspace/build/low_level_control/build install --record /home/mystudent/Documents/EiDrone/myworkspace/build/low_level_control/install.log --single-version-externally-managed install_data
