[0.109s] DEBUG:colcon:Command line arguments: ['/usr/bin/colcon', 'build']
[0.109s] DEBUG:colcon:Parsed command line arguments: Namespace(log_base=None, log_level=None, verb_name='build', build_base='build', install_base='install', merge_install=False, symlink_install=False, test_result_base=None, continue_on_error=False, executor='parallel', parallel_workers=4, event_handlers=None, ignore_user_meta=False, metas=['./colcon.meta'], base_paths=['.'], packages_ignore=None, packages_ignore_regex=None, paths=None, packages_up_to=None, packages_up_to_regex=None, packages_above=None, packages_above_and_dependencies=None, packages_above_depth=None, packages_select_by_dep=None, packages_skip_by_dep=None, packages_skip_up_to=None, packages_select_build_failed=False, packages_skip_build_finished=False, packages_select_test_failures=False, packages_skip_test_passed=False, packages_select=None, packages_skip=None, packages_select_regex=None, packages_skip_regex=None, packages_start=None, packages_end=None, allow_overriding=[], cmake_args=None, cmake_target=None, cmake_target_skip_unavailable=False, cmake_clean_cache=False, cmake_clean_first=False, cmake_force_configure=False, ament_cmake_args=None, catkin_cmake_args=None, catkin_skip_building_tests=False, mixin_files=None, mixin=None, verb_parser=<colcon_mixin.mixin.mixin_argument.MixinArgumentDecorator object at 0x7f8b56378d90>, verb_extension=<colcon_core.verb.build.BuildVerb object at 0x7f8b564e26e0>, main=<bound method BuildVerb.main of <colcon_core.verb.build.BuildVerb object at 0x7f8b564e26e0>>, mixin_verb=('build',))
[0.327s] Level 1:colcon.colcon_core.package_discovery:discover_packages(colcon_meta) check parameters
[0.327s] Level 1:colcon.colcon_core.package_discovery:discover_packages(recursive) check parameters
[0.327s] Level 1:colcon.colcon_core.package_discovery:discover_packages(ignore) check parameters
[0.327s] Level 1:colcon.colcon_core.package_discovery:discover_packages(path) check parameters
[0.327s] Level 1:colcon.colcon_core.package_discovery:discover_packages(colcon_meta) discover
[0.327s] Level 1:colcon.colcon_core.package_discovery:discover_packages(recursive) discover
[0.327s] INFO:colcon.colcon_core.package_discovery:Crawling recursively for packages in '/home/mystudent/Documents/EiDrone/myworkspace'
[0.327s] Level 1:colcon.colcon_core.package_identification:_identify(.) by extensions ['ignore', 'ignore_ament_install']
[0.327s] Level 1:colcon.colcon_core.package_identification:_identify(.) by extension 'ignore'
[0.327s] Level 1:colcon.colcon_core.package_identification:_identify(.) by extension 'ignore_ament_install'
[0.327s] Level 1:colcon.colcon_core.package_identification:_identify(.) by extensions ['colcon_pkg']
[0.327s] Level 1:colcon.colcon_core.package_identification:_identify(.) by extension 'colcon_pkg'
[0.327s] Level 1:colcon.colcon_core.package_identification:_identify(.) by extensions ['colcon_meta']
[0.327s] Level 1:colcon.colcon_core.package_identification:_identify(.) by extension 'colcon_meta'
[0.328s] Level 1:colcon.colcon_core.package_identification:_identify(.) by extensions ['ros']
[0.328s] Level 1:colcon.colcon_core.package_identification:_identify(.) by extension 'ros'
[0.347s] Level 1:colcon.colcon_core.package_identification:_identify(.) by extensions ['cmake', 'python']
[0.347s] Level 1:colcon.colcon_core.package_identification:_identify(.) by extension 'cmake'
[0.347s] Level 1:colcon.colcon_core.package_identification:_identify(.) by extension 'python'
[0.347s] Level 1:colcon.colcon_core.package_identification:_identify(.) by extensions ['python_setup_py']
[0.347s] Level 1:colcon.colcon_core.package_identification:_identify(.) by extension 'python_setup_py'
[0.347s] Level 1:colcon.colcon_core.package_identification:_identify(build) by extensions ['ignore', 'ignore_ament_install']
[0.347s] Level 1:colcon.colcon_core.package_identification:_identify(build) by extension 'ignore'
[0.347s] Level 1:colcon.colcon_core.package_identification:_identify(build) ignored
[0.347s] Level 1:colcon.colcon_core.package_identification:_identify(install) by extensions ['ignore', 'ignore_ament_install']
[0.347s] Level 1:colcon.colcon_core.package_identification:_identify(install) by extension 'ignore'
[0.347s] Level 1:colcon.colcon_core.package_identification:_identify(install) ignored
[0.348s] Level 1:colcon.colcon_core.package_identification:_identify(log) by extensions ['ignore', 'ignore_ament_install']
[0.348s] Level 1:colcon.colcon_core.package_identification:_identify(log) by extension 'ignore'
[0.348s] Level 1:colcon.colcon_core.package_identification:_identify(log) ignored
[0.348s] Level 1:colcon.colcon_core.package_identification:_identify(src) by extensions ['ignore', 'ignore_ament_install']
[0.348s] Level 1:colcon.colcon_core.package_identification:_identify(src) by extension 'ignore'
[0.348s] Level 1:colcon.colcon_core.package_identification:_identify(src) by extension 'ignore_ament_install'
[0.348s] Level 1:colcon.colcon_core.package_identification:_identify(src) by extensions ['colcon_pkg']
[0.348s] Level 1:colcon.colcon_core.package_identification:_identify(src) by extension 'colcon_pkg'
[0.348s] Level 1:colcon.colcon_core.package_identification:_identify(src) by extensions ['colcon_meta']
[0.348s] Level 1:colcon.colcon_core.package_identification:_identify(src) by extension 'colcon_meta'
[0.348s] Level 1:colcon.colcon_core.package_identification:_identify(src) by extensions ['ros']
[0.348s] Level 1:colcon.colcon_core.package_identification:_identify(src) by extension 'ros'
[0.348s] Level 1:colcon.colcon_core.package_identification:_identify(src) by extensions ['cmake', 'python']
[0.348s] Level 1:colcon.colcon_core.package_identification:_identify(src) by extension 'cmake'
[0.348s] Level 1:colcon.colcon_core.package_identification:_identify(src) by extension 'python'
[0.348s] Level 1:colcon.colcon_core.package_identification:_identify(src) by extensions ['python_setup_py']
[0.348s] Level 1:colcon.colcon_core.package_identification:_identify(src) by extension 'python_setup_py'
[0.349s] Level 1:colcon.colcon_core.package_identification:_identify(src/advanced_behaviors) by extensions ['ignore', 'ignore_ament_install']
[0.349s] Level 1:colcon.colcon_core.package_identification:_identify(src/advanced_behaviors) by extension 'ignore'
[0.349s] Level 1:colcon.colcon_core.package_identification:_identify(src/advanced_behaviors) by extension 'ignore_ament_install'
[0.349s] Level 1:colcon.colcon_core.package_identification:_identify(src/advanced_behaviors) by extensions ['colcon_pkg']
[0.349s] Level 1:colcon.colcon_core.package_identification:_identify(src/advanced_behaviors) by extension 'colcon_pkg'
[0.349s] Level 1:colcon.colcon_core.package_identification:_identify(src/advanced_behaviors) by extensions ['colcon_meta']
[0.349s] Level 1:colcon.colcon_core.package_identification:_identify(src/advanced_behaviors) by extension 'colcon_meta'
[0.349s] Level 1:colcon.colcon_core.package_identification:_identify(src/advanced_behaviors) by extensions ['ros']
[0.349s] Level 1:colcon.colcon_core.package_identification:_identify(src/advanced_behaviors) by extension 'ros'
[0.351s] DEBUG:colcon.colcon_core.package_identification:Package 'src/advanced_behaviors' with type 'ros.ament_python' and name 'advanced_behaviors'
[0.351s] Level 1:colcon.colcon_core.package_identification:_identify(src/launch) by extensions ['ignore', 'ignore_ament_install']
[0.351s] Level 1:colcon.colcon_core.package_identification:_identify(src/launch) by extension 'ignore'
[0.351s] Level 1:colcon.colcon_core.package_identification:_identify(src/launch) by extension 'ignore_ament_install'
[0.352s] Level 1:colcon.colcon_core.package_identification:_identify(src/launch) by extensions ['colcon_pkg']
[0.352s] Level 1:colcon.colcon_core.package_identification:_identify(src/launch) by extension 'colcon_pkg'
[0.352s] Level 1:colcon.colcon_core.package_identification:_identify(src/launch) by extensions ['colcon_meta']
[0.352s] Level 1:colcon.colcon_core.package_identification:_identify(src/launch) by extension 'colcon_meta'
[0.352s] Level 1:colcon.colcon_core.package_identification:_identify(src/launch) by extensions ['ros']
[0.352s] Level 1:colcon.colcon_core.package_identification:_identify(src/launch) by extension 'ros'
[0.352s] Level 1:colcon.colcon_core.package_identification:_identify(src/launch) by extensions ['cmake', 'python']
[0.352s] Level 1:colcon.colcon_core.package_identification:_identify(src/launch) by extension 'cmake'
[0.352s] Level 1:colcon.colcon_core.package_identification:_identify(src/launch) by extension 'python'
[0.352s] Level 1:colcon.colcon_core.package_identification:_identify(src/launch) by extensions ['python_setup_py']
[0.352s] Level 1:colcon.colcon_core.package_identification:_identify(src/launch) by extension 'python_setup_py'
[0.352s] Level 1:colcon.colcon_core.package_identification:_identify(src/low_level_control) by extensions ['ignore', 'ignore_ament_install']
[0.352s] Level 1:colcon.colcon_core.package_identification:_identify(src/low_level_control) by extension 'ignore'
[0.352s] Level 1:colcon.colcon_core.package_identification:_identify(src/low_level_control) by extension 'ignore_ament_install'
[0.352s] Level 1:colcon.colcon_core.package_identification:_identify(src/low_level_control) by extensions ['colcon_pkg']
[0.352s] Level 1:colcon.colcon_core.package_identification:_identify(src/low_level_control) by extension 'colcon_pkg'
[0.352s] Level 1:colcon.colcon_core.package_identification:_identify(src/low_level_control) by extensions ['colcon_meta']
[0.352s] Level 1:colcon.colcon_core.package_identification:_identify(src/low_level_control) by extension 'colcon_meta'
[0.353s] Level 1:colcon.colcon_core.package_identification:_identify(src/low_level_control) by extensions ['ros']
[0.353s] Level 1:colcon.colcon_core.package_identification:_identify(src/low_level_control) by extension 'ros'
[0.353s] DEBUG:colcon.colcon_core.package_identification:Package 'src/low_level_control' with type 'ros.ament_python' and name 'low_level_control'
[0.353s] Level 1:colcon.colcon_core.package_identification:_identify(src/teleop) by extensions ['ignore', 'ignore_ament_install']
[0.353s] Level 1:colcon.colcon_core.package_identification:_identify(src/teleop) by extension 'ignore'
[0.353s] Level 1:colcon.colcon_core.package_identification:_identify(src/teleop) by extension 'ignore_ament_install'
[0.353s] Level 1:colcon.colcon_core.package_identification:_identify(src/teleop) by extensions ['colcon_pkg']
[0.353s] Level 1:colcon.colcon_core.package_identification:_identify(src/teleop) by extension 'colcon_pkg'
[0.354s] Level 1:colcon.colcon_core.package_identification:_identify(src/teleop) by extensions ['colcon_meta']
[0.354s] Level 1:colcon.colcon_core.package_identification:_identify(src/teleop) by extension 'colcon_meta'
[0.354s] Level 1:colcon.colcon_core.package_identification:_identify(src/teleop) by extensions ['ros']
[0.354s] Level 1:colcon.colcon_core.package_identification:_identify(src/teleop) by extension 'ros'
[0.354s] DEBUG:colcon.colcon_core.package_identification:Package 'src/teleop' with type 'ros.ament_python' and name 'teleop'
[0.354s] Level 1:colcon.colcon_core.package_discovery:discover_packages(recursive) using defaults
[0.354s] Level 1:colcon.colcon_core.package_discovery:discover_packages(ignore) discover
[0.354s] Level 1:colcon.colcon_core.package_discovery:discover_packages(ignore) using defaults
[0.354s] Level 1:colcon.colcon_core.package_discovery:discover_packages(path) discover
[0.354s] Level 1:colcon.colcon_core.package_discovery:discover_packages(path) using defaults
[0.373s] Level 1:colcon.colcon_core.package_discovery:discover_packages(prefix_path) check parameters
[0.373s] Level 1:colcon.colcon_core.package_discovery:discover_packages(prefix_path) discover
[0.374s] DEBUG:colcon.colcon_installed_package_information.package_discovery:Found 3 installed packages in /home/mystudent/Documents/EiDrone/myworkspace/install
[0.376s] DEBUG:colcon.colcon_installed_package_information.package_discovery:Found 346 installed packages in /opt/ros/humble
[0.378s] Level 1:colcon.colcon_core.package_discovery:discover_packages(prefix_path) using defaults
[0.421s] Level 5:colcon.colcon_core.verb:set package 'advanced_behaviors' build argument 'cmake_args' from command line to 'None'
[0.421s] Level 5:colcon.colcon_core.verb:set package 'advanced_behaviors' build argument 'cmake_target' from command line to 'None'
[0.422s] Level 5:colcon.colcon_core.verb:set package 'advanced_behaviors' build argument 'cmake_target_skip_unavailable' from command line to 'False'
[0.422s] Level 5:colcon.colcon_core.verb:set package 'advanced_behaviors' build argument 'cmake_clean_cache' from command line to 'False'
[0.422s] Level 5:colcon.colcon_core.verb:set package 'advanced_behaviors' build argument 'cmake_clean_first' from command line to 'False'
[0.422s] Level 5:colcon.colcon_core.verb:set package 'advanced_behaviors' build argument 'cmake_force_configure' from command line to 'False'
[0.422s] Level 5:colcon.colcon_core.verb:set package 'advanced_behaviors' build argument 'ament_cmake_args' from command line to 'None'
[0.422s] Level 5:colcon.colcon_core.verb:set package 'advanced_behaviors' build argument 'catkin_cmake_args' from command line to 'None'
[0.422s] Level 5:colcon.colcon_core.verb:set package 'advanced_behaviors' build argument 'catkin_skip_building_tests' from command line to 'False'
[0.422s] DEBUG:colcon.colcon_core.verb:Building package 'advanced_behaviors' with the following arguments: {'ament_cmake_args': None, 'build_base': '/home/mystudent/Documents/EiDrone/myworkspace/build/advanced_behaviors', 'catkin_cmake_args': None, 'catkin_skip_building_tests': False, 'cmake_args': None, 'cmake_clean_cache': False, 'cmake_clean_first': False, 'cmake_force_configure': False, 'cmake_target': None, 'cmake_target_skip_unavailable': False, 'install_base': '/home/mystudent/Documents/EiDrone/myworkspace/install/advanced_behaviors', 'merge_install': False, 'path': '/home/mystudent/Documents/EiDrone/myworkspace/src/advanced_behaviors', 'symlink_install': False, 'test_result_base': None}
[0.422s] Level 5:colcon.colcon_core.verb:set package 'low_level_control' build argument 'cmake_args' from command line to 'None'
[0.422s] Level 5:colcon.colcon_core.verb:set package 'low_level_control' build argument 'cmake_target' from command line to 'None'
[0.422s] Level 5:colcon.colcon_core.verb:set package 'low_level_control' build argument 'cmake_target_skip_unavailable' from command line to 'False'
[0.422s] Level 5:colcon.colcon_core.verb:set package 'low_level_control' build argument 'cmake_clean_cache' from command line to 'False'
[0.422s] Level 5:colcon.colcon_core.verb:set package 'low_level_control' build argument 'cmake_clean_first' from command line to 'False'
[0.422s] Level 5:colcon.colcon_core.verb:set package 'low_level_control' build argument 'cmake_force_configure' from command line to 'False'
[0.422s] Level 5:colcon.colcon_core.verb:set package 'low_level_control' build argument 'ament_cmake_args' from command line to 'None'
[0.422s] Level 5:colcon.colcon_core.verb:set package 'low_level_control' build argument 'catkin_cmake_args' from command line to 'None'
[0.422s] Level 5:colcon.colcon_core.verb:set package 'low_level_control' build argument 'catkin_skip_building_tests' from command line to 'False'
[0.422s] DEBUG:colcon.colcon_core.verb:Building package 'low_level_control' with the following arguments: {'ament_cmake_args': None, 'build_base': '/home/mystudent/Documents/EiDrone/myworkspace/build/low_level_control', 'catkin_cmake_args': None, 'catkin_skip_building_tests': False, 'cmake_args': None, 'cmake_clean_cache': False, 'cmake_clean_first': False, 'cmake_force_configure': False, 'cmake_target': None, 'cmake_target_skip_unavailable': False, 'install_base': '/home/mystudent/Documents/EiDrone/myworkspace/install/low_level_control', 'merge_install': False, 'path': '/home/mystudent/Documents/EiDrone/myworkspace/src/low_level_control', 'symlink_install': False, 'test_result_base': None}
[0.423s] Level 5:colcon.colcon_core.verb:set package 'teleop' build argument 'cmake_args' from command line to 'None'
[0.423s] Level 5:colcon.colcon_core.verb:set package 'teleop' build argument 'cmake_target' from command line to 'None'
[0.423s] Level 5:colcon.colcon_core.verb:set package 'teleop' build argument 'cmake_target_skip_unavailable' from command line to 'False'
[0.423s] Level 5:colcon.colcon_core.verb:set package 'teleop' build argument 'cmake_clean_cache' from command line to 'False'
[0.423s] Level 5:colcon.colcon_core.verb:set package 'teleop' build argument 'cmake_clean_first' from command line to 'False'
[0.423s] Level 5:colcon.colcon_core.verb:set package 'teleop' build argument 'cmake_force_configure' from command line to 'False'
[0.423s] Level 5:colcon.colcon_core.verb:set package 'teleop' build argument 'ament_cmake_args' from command line to 'None'
[0.423s] Level 5:colcon.colcon_core.verb:set package 'teleop' build argument 'catkin_cmake_args' from command line to 'None'
[0.423s] Level 5:colcon.colcon_core.verb:set package 'teleop' build argument 'catkin_skip_building_tests' from command line to 'False'
[0.423s] DEBUG:colcon.colcon_core.verb:Building package 'teleop' with the following arguments: {'ament_cmake_args': None, 'build_base': '/home/mystudent/Documents/EiDrone/myworkspace/build/teleop', 'catkin_cmake_args': None, 'catkin_skip_building_tests': False, 'cmake_args': None, 'cmake_clean_cache': False, 'cmake_clean_first': False, 'cmake_force_configure': False, 'cmake_target': None, 'cmake_target_skip_unavailable': False, 'install_base': '/home/mystudent/Documents/EiDrone/myworkspace/install/teleop', 'merge_install': False, 'path': '/home/mystudent/Documents/EiDrone/myworkspace/src/teleop', 'symlink_install': False, 'test_result_base': None}
[0.423s] INFO:colcon.colcon_core.executor:Executing jobs using 'parallel' executor
[0.424s] DEBUG:colcon.colcon_parallel_executor.executor.parallel:run_until_complete
[0.425s] INFO:colcon.colcon_ros.task.ament_python.build:Building ROS package in '/home/mystudent/Documents/EiDrone/myworkspace/src/advanced_behaviors' with build type 'ament_python'
[0.425s] Level 1:colcon.colcon_core.shell:create_environment_hook('advanced_behaviors', 'ament_prefix_path')
[0.427s] INFO:colcon.colcon_core.plugin_system:Skipping extension 'colcon_core.shell.bat': Not used on non-Windows systems
[0.427s] INFO:colcon.colcon_core.shell:Creating environment hook '/home/mystudent/Documents/EiDrone/myworkspace/install/advanced_behaviors/share/advanced_behaviors/hook/ament_prefix_path.ps1'
[0.428s] INFO:colcon.colcon_core.shell:Creating environment descriptor '/home/mystudent/Documents/EiDrone/myworkspace/install/advanced_behaviors/share/advanced_behaviors/hook/ament_prefix_path.dsv'
[0.428s] INFO:colcon.colcon_core.shell:Creating environment hook '/home/mystudent/Documents/EiDrone/myworkspace/install/advanced_behaviors/share/advanced_behaviors/hook/ament_prefix_path.sh'
[0.429s] INFO:colcon.colcon_core.shell:Skip shell extension 'powershell' for command environment: Not usable outside of PowerShell
[0.429s] DEBUG:colcon.colcon_core.shell:Skip shell extension 'dsv' for command environment
[0.432s] INFO:colcon.colcon_ros.task.ament_python.build:Building ROS package in '/home/mystudent/Documents/EiDrone/myworkspace/src/low_level_control' with build type 'ament_python'
[0.432s] Level 1:colcon.colcon_core.shell:create_environment_hook('low_level_control', 'ament_prefix_path')
[0.433s] INFO:colcon.colcon_core.shell:Creating environment hook '/home/mystudent/Documents/EiDrone/myworkspace/install/low_level_control/share/low_level_control/hook/ament_prefix_path.ps1'
[0.433s] INFO:colcon.colcon_core.shell:Creating environment descriptor '/home/mystudent/Documents/EiDrone/myworkspace/install/low_level_control/share/low_level_control/hook/ament_prefix_path.dsv'
[0.434s] INFO:colcon.colcon_core.shell:Creating environment hook '/home/mystudent/Documents/EiDrone/myworkspace/install/low_level_control/share/low_level_control/hook/ament_prefix_path.sh'
[0.434s] INFO:colcon.colcon_core.shell:Skip shell extension 'powershell' for command environment: Not usable outside of PowerShell
[0.434s] DEBUG:colcon.colcon_core.shell:Skip shell extension 'dsv' for command environment
[0.437s] INFO:colcon.colcon_ros.task.ament_python.build:Building ROS package in '/home/mystudent/Documents/EiDrone/myworkspace/src/teleop' with build type 'ament_python'
[0.437s] Level 1:colcon.colcon_core.shell:create_environment_hook('teleop', 'ament_prefix_path')
[0.438s] INFO:colcon.colcon_core.shell:Creating environment hook '/home/mystudent/Documents/EiDrone/myworkspace/install/teleop/share/teleop/hook/ament_prefix_path.ps1'
[0.438s] INFO:colcon.colcon_core.shell:Creating environment descriptor '/home/mystudent/Documents/EiDrone/myworkspace/install/teleop/share/teleop/hook/ament_prefix_path.dsv'
[0.439s] INFO:colcon.colcon_core.shell:Creating environment hook '/home/mystudent/Documents/EiDrone/myworkspace/install/teleop/share/teleop/hook/ament_prefix_path.sh'
[0.439s] INFO:colcon.colcon_core.shell:Skip shell extension 'powershell' for command environment: Not usable outside of PowerShell
[0.439s] DEBUG:colcon.colcon_core.shell:Skip shell extension 'dsv' for command environment
[0.752s] INFO:colcon.colcon_core.task.python.build:Building Python package in '/home/mystudent/Documents/EiDrone/myworkspace/src/advanced_behaviors'
[0.752s] INFO:colcon.colcon_core.shell:Skip shell extension 'powershell' for command environment: Not usable outside of PowerShell
[0.752s] DEBUG:colcon.colcon_core.shell:Skip shell extension 'dsv' for command environment
[1.069s] INFO:colcon.colcon_core.task.python.build:Building Python package in '/home/mystudent/Documents/EiDrone/myworkspace/src/low_level_control'
[1.070s] INFO:colcon.colcon_core.shell:Skip shell extension 'powershell' for command environment: Not usable outside of PowerShell
[1.070s] DEBUG:colcon.colcon_core.shell:Skip shell extension 'dsv' for command environment
[1.385s] INFO:colcon.colcon_core.task.python.build:Building Python package in '/home/mystudent/Documents/EiDrone/myworkspace/src/teleop'
[1.386s] INFO:colcon.colcon_core.shell:Skip shell extension 'powershell' for command environment: Not usable outside of PowerShell
[1.386s] DEBUG:colcon.colcon_core.shell:Skip shell extension 'dsv' for command environment
[2.039s] DEBUG:colcon.colcon_core.event_handler.log_command:Invoking command in '/home/mystudent/Documents/EiDrone/myworkspace/src/low_level_control': PYTHONPATH=/home/mystudent/Documents/EiDrone/myworkspace/build/low_level_control/prefix_override:/usr/lib/python3/dist-packages/colcon_core/task/python/colcon_distutils_commands:/home/mystudent/Documents/EiDrone/myworkspace/install/low_level_control/lib/python3.10/site-packages:${PYTHONPATH} /usr/bin/python3 -W ignore:setup.py install is deprecated setup.py egg_info --egg-base ../../build/low_level_control build --build-base /home/mystudent/Documents/EiDrone/myworkspace/build/low_level_control/build install --record /home/mystudent/Documents/EiDrone/myworkspace/build/low_level_control/install.log --single-version-externally-managed install_data
[2.045s] DEBUG:colcon.colcon_core.event_handler.log_command:Invoking command in '/home/mystudent/Documents/EiDrone/myworkspace/src/advanced_behaviors': PYTHONPATH=/home/mystudent/Documents/EiDrone/myworkspace/build/advanced_behaviors/prefix_override:/usr/lib/python3/dist-packages/colcon_core/task/python/colcon_distutils_commands:/home/mystudent/Documents/EiDrone/myworkspace/install/advanced_behaviors/lib/python3.10/site-packages:${PYTHONPATH} /usr/bin/python3 -W ignore:setup.py install is deprecated setup.py egg_info --egg-base ../../build/advanced_behaviors build --build-base /home/mystudent/Documents/EiDrone/myworkspace/build/advanced_behaviors/build install --record /home/mystudent/Documents/EiDrone/myworkspace/build/advanced_behaviors/install.log --single-version-externally-managed install_data
[2.047s] DEBUG:colcon.colcon_core.event_handler.log_command:Invoking command in '/home/mystudent/Documents/EiDrone/myworkspace/src/teleop': PYTHONPATH=/home/mystudent/Documents/EiDrone/myworkspace/build/teleop/prefix_override:/usr/lib/python3/dist-packages/colcon_core/task/python/colcon_distutils_commands:/home/mystudent/Documents/EiDrone/myworkspace/install/teleop/lib/python3.10/site-packages:${PYTHONPATH} /usr/bin/python3 -W ignore:setup.py install is deprecated setup.py egg_info --egg-base ../../build/teleop build --build-base /home/mystudent/Documents/EiDrone/myworkspace/build/teleop/build install --record /home/mystudent/Documents/EiDrone/myworkspace/build/teleop/install.log --single-version-externally-managed install_data
[2.417s] Level 1:colcon.colcon_core.environment:checking '/home/mystudent/Documents/EiDrone/myworkspace/install/advanced_behaviors' for CMake module files
[2.417s] Level 1:colcon.colcon_core.environment:checking '/home/mystudent/Documents/EiDrone/myworkspace/install/advanced_behaviors' for CMake config files
[2.418s] Level 1:colcon.colcon_core.environment:checking '/home/mystudent/Documents/EiDrone/myworkspace/install/advanced_behaviors/lib'
[2.418s] Level 1:colcon.colcon_core.environment:checking '/home/mystudent/Documents/EiDrone/myworkspace/install/advanced_behaviors/bin'
[2.418s] Level 1:colcon.colcon_core.environment:checking '/home/mystudent/Documents/EiDrone/myworkspace/install/advanced_behaviors/lib/pkgconfig/advanced_behaviors.pc'
[2.419s] Level 1:colcon.colcon_core.environment:checking '/home/mystudent/Documents/EiDrone/myworkspace/install/advanced_behaviors/lib/python3.10/site-packages'
[2.419s] DEBUG:colcon.colcon_core.event_handler.log_command:Invoked command in '/home/mystudent/Documents/EiDrone/myworkspace/src/advanced_behaviors' returned '0': PYTHONPATH=/home/mystudent/Documents/EiDrone/myworkspace/build/advanced_behaviors/prefix_override:/usr/lib/python3/dist-packages/colcon_core/task/python/colcon_distutils_commands:/home/mystudent/Documents/EiDrone/myworkspace/install/advanced_behaviors/lib/python3.10/site-packages:${PYTHONPATH} /usr/bin/python3 -W ignore:setup.py install is deprecated setup.py egg_info --egg-base ../../build/advanced_behaviors build --build-base /home/mystudent/Documents/EiDrone/myworkspace/build/advanced_behaviors/build install --record /home/mystudent/Documents/EiDrone/myworkspace/build/advanced_behaviors/install.log --single-version-externally-managed install_data
[2.419s] Level 1:colcon.colcon_core.shell:create_environment_hook('advanced_behaviors', 'pythonpath')
[2.419s] INFO:colcon.colcon_core.shell:Creating environment hook '/home/mystudent/Documents/EiDrone/myworkspace/install/advanced_behaviors/share/advanced_behaviors/hook/pythonpath.ps1'
[2.420s] INFO:colcon.colcon_core.shell:Creating environment descriptor '/home/mystudent/Documents/EiDrone/myworkspace/install/advanced_behaviors/share/advanced_behaviors/hook/pythonpath.dsv'
[2.421s] INFO:colcon.colcon_core.shell:Creating environment hook '/home/mystudent/Documents/EiDrone/myworkspace/install/advanced_behaviors/share/advanced_behaviors/hook/pythonpath.sh'
[2.421s] Level 1:colcon.colcon_core.environment:checking '/home/mystudent/Documents/EiDrone/myworkspace/install/advanced_behaviors/bin'
[2.421s] Level 1:colcon.colcon_core.environment:create_environment_scripts_only(advanced_behaviors)
[2.422s] INFO:colcon.colcon_core.shell:Creating package script '/home/mystudent/Documents/EiDrone/myworkspace/install/advanced_behaviors/share/advanced_behaviors/package.ps1'
[2.422s] INFO:colcon.colcon_core.shell:Creating package descriptor '/home/mystudent/Documents/EiDrone/myworkspace/install/advanced_behaviors/share/advanced_behaviors/package.dsv'
[2.423s] INFO:colcon.colcon_core.shell:Creating package script '/home/mystudent/Documents/EiDrone/myworkspace/install/advanced_behaviors/share/advanced_behaviors/package.sh'
[2.424s] INFO:colcon.colcon_core.shell:Creating package script '/home/mystudent/Documents/EiDrone/myworkspace/install/advanced_behaviors/share/advanced_behaviors/package.bash'
[2.424s] INFO:colcon.colcon_core.shell:Creating package script '/home/mystudent/Documents/EiDrone/myworkspace/install/advanced_behaviors/share/advanced_behaviors/package.zsh'
[2.425s] Level 1:colcon.colcon_core.environment:create_file_with_runtime_dependencies(/home/mystudent/Documents/EiDrone/myworkspace/install/advanced_behaviors/share/colcon-core/packages/advanced_behaviors)
[2.427s] Level 1:colcon.colcon_core.environment:checking '/home/mystudent/Documents/EiDrone/myworkspace/install/low_level_control' for CMake module files
[2.427s] Level 1:colcon.colcon_core.environment:checking '/home/mystudent/Documents/EiDrone/myworkspace/install/low_level_control' for CMake config files
[2.427s] DEBUG:colcon.colcon_core.event_handler.log_command:Invoked command in '/home/mystudent/Documents/EiDrone/myworkspace/src/low_level_control' returned '0': PYTHONPATH=/home/mystudent/Documents/EiDrone/myworkspace/build/low_level_control/prefix_override:/usr/lib/python3/dist-packages/colcon_core/task/python/colcon_distutils_commands:/home/mystudent/Documents/EiDrone/myworkspace/install/low_level_control/lib/python3.10/site-packages:${PYTHONPATH} /usr/bin/python3 -W ignore:setup.py install is deprecated setup.py egg_info --egg-base ../../build/low_level_control build --build-base /home/mystudent/Documents/EiDrone/myworkspace/build/low_level_control/build install --record /home/mystudent/Documents/EiDrone/myworkspace/build/low_level_control/install.log --single-version-externally-managed install_data
[2.428s] Level 1:colcon.colcon_core.environment:checking '/home/mystudent/Documents/EiDrone/myworkspace/install/low_level_control/lib'
[2.428s] Level 1:colcon.colcon_core.environment:checking '/home/mystudent/Documents/EiDrone/myworkspace/install/low_level_control/bin'
[2.428s] Level 1:colcon.colcon_core.environment:checking '/home/mystudent/Documents/EiDrone/myworkspace/install/low_level_control/lib/pkgconfig/low_level_control.pc'
[2.428s] Level 1:colcon.colcon_core.environment:checking '/home/mystudent/Documents/EiDrone/myworkspace/install/low_level_control/lib/python3.10/site-packages'
[2.428s] Level 1:colcon.colcon_core.shell:create_environment_hook('low_level_control', 'pythonpath')
[2.429s] INFO:colcon.colcon_core.shell:Creating environment hook '/home/mystudent/Documents/EiDrone/myworkspace/install/low_level_control/share/low_level_control/hook/pythonpath.ps1'
[2.429s] INFO:colcon.colcon_core.shell:Creating environment descriptor '/home/mystudent/Documents/EiDrone/myworkspace/install/low_level_control/share/low_level_control/hook/pythonpath.dsv'
[2.429s] INFO:colcon.colcon_core.shell:Creating environment hook '/home/mystudent/Documents/EiDrone/myworkspace/install/low_level_control/share/low_level_control/hook/pythonpath.sh'
[2.430s] Level 1:colcon.colcon_core.environment:checking '/home/mystudent/Documents/EiDrone/myworkspace/install/low_level_control/bin'
[2.430s] Level 1:colcon.colcon_core.environment:create_environment_scripts_only(low_level_control)
[2.431s] INFO:colcon.colcon_core.shell:Creating package script '/home/mystudent/Documents/EiDrone/myworkspace/install/low_level_control/share/low_level_control/package.ps1'
[2.431s] INFO:colcon.colcon_core.shell:Creating package descriptor '/home/mystudent/Documents/EiDrone/myworkspace/install/low_level_control/share/low_level_control/package.dsv'
[2.431s] INFO:colcon.colcon_core.shell:Creating package script '/home/mystudent/Documents/EiDrone/myworkspace/install/low_level_control/share/low_level_control/package.sh'
[2.432s] INFO:colcon.colcon_core.shell:Creating package script '/home/mystudent/Documents/EiDrone/myworkspace/install/low_level_control/share/low_level_control/package.bash'
[2.432s] INFO:colcon.colcon_core.shell:Creating package script '/home/mystudent/Documents/EiDrone/myworkspace/install/low_level_control/share/low_level_control/package.zsh'
[2.433s] Level 1:colcon.colcon_core.environment:create_file_with_runtime_dependencies(/home/mystudent/Documents/EiDrone/myworkspace/install/low_level_control/share/colcon-core/packages/low_level_control)
[2.433s] Level 1:colcon.colcon_core.environment:checking '/home/mystudent/Documents/EiDrone/myworkspace/install/teleop' for CMake module files
[2.434s] Level 1:colcon.colcon_core.environment:checking '/home/mystudent/Documents/EiDrone/myworkspace/install/teleop' for CMake config files
[2.434s] DEBUG:colcon.colcon_core.event_handler.log_command:Invoked command in '/home/mystudent/Documents/EiDrone/myworkspace/src/teleop' returned '0': PYTHONPATH=/home/mystudent/Documents/EiDrone/myworkspace/build/teleop/prefix_override:/usr/lib/python3/dist-packages/colcon_core/task/python/colcon_distutils_commands:/home/mystudent/Documents/EiDrone/myworkspace/install/teleop/lib/python3.10/site-packages:${PYTHONPATH} /usr/bin/python3 -W ignore:setup.py install is deprecated setup.py egg_info --egg-base ../../build/teleop build --build-base /home/mystudent/Documents/EiDrone/myworkspace/build/teleop/build install --record /home/mystudent/Documents/EiDrone/myworkspace/build/teleop/install.log --single-version-externally-managed install_data
[2.434s] Level 1:colcon.colcon_core.environment:checking '/home/mystudent/Documents/EiDrone/myworkspace/install/teleop/lib'
[2.435s] Level 1:colcon.colcon_core.environment:checking '/home/mystudent/Documents/EiDrone/myworkspace/install/teleop/bin'
[2.435s] Level 1:colcon.colcon_core.environment:checking '/home/mystudent/Documents/EiDrone/myworkspace/install/teleop/lib/pkgconfig/teleop.pc'
[2.435s] Level 1:colcon.colcon_core.environment:checking '/home/mystudent/Documents/EiDrone/myworkspace/install/teleop/lib/python3.10/site-packages'
[2.435s] Level 1:colcon.colcon_core.shell:create_environment_hook('teleop', 'pythonpath')
[2.435s] INFO:colcon.colcon_core.shell:Creating environment hook '/home/mystudent/Documents/EiDrone/myworkspace/install/teleop/share/teleop/hook/pythonpath.ps1'
[2.436s] INFO:colcon.colcon_core.shell:Creating environment descriptor '/home/mystudent/Documents/EiDrone/myworkspace/install/teleop/share/teleop/hook/pythonpath.dsv'
[2.436s] INFO:colcon.colcon_core.shell:Creating environment hook '/home/mystudent/Documents/EiDrone/myworkspace/install/teleop/share/teleop/hook/pythonpath.sh'
[2.437s] Level 1:colcon.colcon_core.environment:checking '/home/mystudent/Documents/EiDrone/myworkspace/install/teleop/bin'
[2.437s] Level 1:colcon.colcon_core.environment:create_environment_scripts_only(teleop)
[2.437s] INFO:colcon.colcon_core.shell:Creating package script '/home/mystudent/Documents/EiDrone/myworkspace/install/teleop/share/teleop/package.ps1'
[2.437s] INFO:colcon.colcon_core.shell:Creating package descriptor '/home/mystudent/Documents/EiDrone/myworkspace/install/teleop/share/teleop/package.dsv'
[2.438s] INFO:colcon.colcon_core.shell:Creating package script '/home/mystudent/Documents/EiDrone/myworkspace/install/teleop/share/teleop/package.sh'
[2.438s] INFO:colcon.colcon_core.shell:Creating package script '/home/mystudent/Documents/EiDrone/myworkspace/install/teleop/share/teleop/package.bash'
[2.439s] INFO:colcon.colcon_core.shell:Creating package script '/home/mystudent/Documents/EiDrone/myworkspace/install/teleop/share/teleop/package.zsh'
[2.439s] Level 1:colcon.colcon_core.environment:create_file_with_runtime_dependencies(/home/mystudent/Documents/EiDrone/myworkspace/install/teleop/share/colcon-core/packages/teleop)
[2.439s] DEBUG:colcon.colcon_parallel_executor.executor.parallel:closing loop
[2.440s] DEBUG:colcon.colcon_parallel_executor.executor.parallel:loop closed
[2.440s] DEBUG:colcon.colcon_parallel_executor.executor.parallel:run_until_complete finished with '0'
[2.440s] DEBUG:colcon.colcon_core.event_reactor:joining thread
[2.445s] INFO:colcon.colcon_core.plugin_system:Skipping extension 'colcon_notification.desktop_notification.terminal_notifier': Not used on non-Darwin systems
[2.445s] INFO:colcon.colcon_core.plugin_system:Skipping extension 'colcon_notification.desktop_notification.win32': Not used on non-Windows systems
[2.445s] INFO:colcon.colcon_notification.desktop_notification:Sending desktop notification using 'notify2'
[2.457s] DEBUG:colcon.colcon_core.event_reactor:joined thread
[2.457s] INFO:colcon.colcon_core.shell:Creating prefix script '/home/mystudent/Documents/EiDrone/myworkspace/install/local_setup.ps1'
[2.458s] INFO:colcon.colcon_core.shell:Creating prefix util module '/home/mystudent/Documents/EiDrone/myworkspace/install/_local_setup_util_ps1.py'
[2.460s] INFO:colcon.colcon_core.shell:Creating prefix chain script '/home/mystudent/Documents/EiDrone/myworkspace/install/setup.ps1'
[2.461s] INFO:colcon.colcon_core.shell:Creating prefix script '/home/mystudent/Documents/EiDrone/myworkspace/install/local_setup.sh'
[2.461s] INFO:colcon.colcon_core.shell:Creating prefix util module '/home/mystudent/Documents/EiDrone/myworkspace/install/_local_setup_util_sh.py'
[2.462s] INFO:colcon.colcon_core.shell:Creating prefix chain script '/home/mystudent/Documents/EiDrone/myworkspace/install/setup.sh'
[2.463s] INFO:colcon.colcon_core.shell:Creating prefix script '/home/mystudent/Documents/EiDrone/myworkspace/install/local_setup.bash'
[2.464s] INFO:colcon.colcon_core.shell:Creating prefix chain script '/home/mystudent/Documents/EiDrone/myworkspace/install/setup.bash'
[2.465s] INFO:colcon.colcon_core.shell:Creating prefix script '/home/mystudent/Documents/EiDrone/myworkspace/install/local_setup.zsh'
[2.466s] INFO:colcon.colcon_core.shell:Creating prefix chain script '/home/mystudent/Documents/EiDrone/myworkspace/install/setup.zsh'
