/users/student/2022chojnackay/Bureau/EI/teamplutoei/install/lower_level/lib/python3.10/site-packages/lower_level/pid.py
/users/student/2022chojnackay/Bureau/EI/teamplutoei/install/lower_level/lib/python3.10/site-packages/lower_level/speed_controller.py
/users/student/2022chojnackay/Bureau/EI/teamplutoei/install/lower_level/lib/python3.10/site-packages/lower_level/__init__.py
/users/student/2022chojnackay/Bureau/EI/teamplutoei/install/lower_level/lib/python3.10/site-packages/lower_level/joyteleop.py
/users/student/2022chojnackay/Bureau/EI/teamplutoei/install/lower_level/lib/python3.10/site-packages/lower_level/twist2pic.py
/users/student/2022chojnackay/Bureau/EI/teamplutoei/install/lower_level/lib/python3.10/site-packages/lower_level/__pycache__/pid.cpython-310.pyc
/users/student/2022chojnackay/Bureau/EI/teamplutoei/install/lower_level/lib/python3.10/site-packages/lower_level/__pycache__/speed_controller.cpython-310.pyc
/users/student/2022chojnackay/Bureau/EI/teamplutoei/install/lower_level/lib/python3.10/site-packages/lower_level/__pycache__/__init__.cpython-310.pyc
/users/student/2022chojnackay/Bureau/EI/teamplutoei/install/lower_level/lib/python3.10/site-packages/lower_level/__pycache__/joyteleop.cpython-310.pyc
/users/student/2022chojnackay/Bureau/EI/teamplutoei/install/lower_level/lib/python3.10/site-packages/lower_level/__pycache__/twist2pic.cpython-310.pyc
/users/student/2022chojnackay/Bureau/EI/teamplutoei/install/lower_level/share/ament_index/resource_index/packages/lower_level
/users/student/2022chojnackay/Bureau/EI/teamplutoei/install/lower_level/share/lower_level/package.xml
/users/student/2022chojnackay/Bureau/EI/teamplutoei/install/lower_level/share/lower_level/twist2piclaunch.py
/users/student/2022chojnackay/Bureau/EI/teamplutoei/install/lower_level/lib/python3.10/site-packages/lower_level-0.0.0-py3.10.egg-info/top_level.txt
/users/student/2022chojnackay/Bureau/EI/teamplutoei/install/lower_level/lib/python3.10/site-packages/lower_level-0.0.0-py3.10.egg-info/dependency_links.txt
/users/student/2022chojnackay/Bureau/EI/teamplutoei/install/lower_level/lib/python3.10/site-packages/lower_level-0.0.0-py3.10.egg-info/zip-safe
/users/student/2022chojnackay/Bureau/EI/teamplutoei/install/lower_level/lib/python3.10/site-packages/lower_level-0.0.0-py3.10.egg-info/PKG-INFO
/users/student/2022chojnackay/Bureau/EI/teamplutoei/install/lower_level/lib/python3.10/site-packages/lower_level-0.0.0-py3.10.egg-info/entry_points.txt
/users/student/2022chojnackay/Bureau/EI/teamplutoei/install/lower_level/lib/python3.10/site-packages/lower_level-0.0.0-py3.10.egg-info/SOURCES.txt
/users/student/2022chojnackay/Bureau/EI/teamplutoei/install/lower_level/lib/python3.10/site-packages/lower_level-0.0.0-py3.10.egg-info/requires.txt
/users/student/2022chojnackay/Bureau/EI/teamplutoei/install/lower_level/lib/lower_level/joyteleop
/users/student/2022chojnackay/Bureau/EI/teamplutoei/install/lower_level/lib/lower_level/speed_controller
/users/student/2022chojnackay/Bureau/EI/teamplutoei/install/lower_level/lib/lower_level/twist2pic
