running egg_info
creating ../../build/lower_level/lower_level.egg-info
writing ../../build/lower_level/lower_level.egg-info/PKG-INFO
writing dependency_links to ../../build/lower_level/lower_level.egg-info/dependency_links.txt
writing entry points to ../../build/lower_level/lower_level.egg-info/entry_points.txt
writing requirements to ../../build/lower_level/lower_level.egg-info/requires.txt
writing top-level names to ../../build/lower_level/lower_level.egg-info/top_level.txt
writing manifest file '../../build/lower_level/lower_level.egg-info/SOURCES.txt'
reading manifest file '../../build/lower_level/lower_level.egg-info/SOURCES.txt'
writing manifest file '../../build/lower_level/lower_level.egg-info/SOURCES.txt'
running build
running build_py
creating /users/student/2022chojnackay/Bureau/EI/teamplutoei/build/lower_level/build
creating /users/student/2022chojnackay/Bureau/EI/teamplutoei/build/lower_level/build/lib
creating /users/student/2022chojnackay/Bureau/EI/teamplutoei/build/lower_level/build/lib/lower_level
copying lower_level/pid.py -> /users/student/2022chojnackay/Bureau/EI/teamplutoei/build/lower_level/build/lib/lower_level
copying lower_level/speed_controller.py -> /users/student/2022chojnackay/Bureau/EI/teamplutoei/build/lower_level/build/lib/lower_level
copying lower_level/__init__.py -> /users/student/2022chojnackay/Bureau/EI/teamplutoei/build/lower_level/build/lib/lower_level
copying lower_level/joyteleop.py -> /users/student/2022chojnackay/Bureau/EI/teamplutoei/build/lower_level/build/lib/lower_level
copying lower_level/twist2pic.py -> /users/student/2022chojnackay/Bureau/EI/teamplutoei/build/lower_level/build/lib/lower_level
running install
running install_lib
creating /users/student/2022chojnackay/Bureau/EI/teamplutoei/install/lower_level/lib/python3.10/site-packages/lower_level
copying /users/student/2022chojnackay/Bureau/EI/teamplutoei/build/lower_level/build/lib/lower_level/pid.py -> /users/student/2022chojnackay/Bureau/EI/teamplutoei/install/lower_level/lib/python3.10/site-packages/lower_level
copying /users/student/2022chojnackay/Bureau/EI/teamplutoei/build/lower_level/build/lib/lower_level/speed_controller.py -> /users/student/2022chojnackay/Bureau/EI/teamplutoei/install/lower_level/lib/python3.10/site-packages/lower_level
copying /users/student/2022chojnackay/Bureau/EI/teamplutoei/build/lower_level/build/lib/lower_level/__init__.py -> /users/student/2022chojnackay/Bureau/EI/teamplutoei/install/lower_level/lib/python3.10/site-packages/lower_level
copying /users/student/2022chojnackay/Bureau/EI/teamplutoei/build/lower_level/build/lib/lower_level/joyteleop.py -> /users/student/2022chojnackay/Bureau/EI/teamplutoei/install/lower_level/lib/python3.10/site-packages/lower_level
copying /users/student/2022chojnackay/Bureau/EI/teamplutoei/build/lower_level/build/lib/lower_level/twist2pic.py -> /users/student/2022chojnackay/Bureau/EI/teamplutoei/install/lower_level/lib/python3.10/site-packages/lower_level
byte-compiling /users/student/2022chojnackay/Bureau/EI/teamplutoei/install/lower_level/lib/python3.10/site-packages/lower_level/pid.py to pid.cpython-310.pyc
byte-compiling /users/student/2022chojnackay/Bureau/EI/teamplutoei/install/lower_level/lib/python3.10/site-packages/lower_level/speed_controller.py to speed_controller.cpython-310.pyc
byte-compiling /users/student/2022chojnackay/Bureau/EI/teamplutoei/install/lower_level/lib/python3.10/site-packages/lower_level/__init__.py to __init__.cpython-310.pyc
byte-compiling /users/student/2022chojnackay/Bureau/EI/teamplutoei/install/lower_level/lib/python3.10/site-packages/lower_level/joyteleop.py to joyteleop.cpython-310.pyc
byte-compiling /users/student/2022chojnackay/Bureau/EI/teamplutoei/install/lower_level/lib/python3.10/site-packages/lower_level/twist2pic.py to twist2pic.cpython-310.pyc
running install_data
creating /users/student/2022chojnackay/Bureau/EI/teamplutoei/install/lower_level/share/ament_index
creating /users/student/2022chojnackay/Bureau/EI/teamplutoei/install/lower_level/share/ament_index/resource_index
creating /users/student/2022chojnackay/Bureau/EI/teamplutoei/install/lower_level/share/ament_index/resource_index/packages
copying resource/lower_level -> /users/student/2022chojnackay/Bureau/EI/teamplutoei/install/lower_level/share/ament_index/resource_index/packages
copying package.xml -> /users/student/2022chojnackay/Bureau/EI/teamplutoei/install/lower_level/share/lower_level
copying launch/twist2piclaunch.py -> /users/student/2022chojnackay/Bureau/EI/teamplutoei/install/lower_level/share/lower_level
running install_egg_info
Copying ../../build/lower_level/lower_level.egg-info to /users/student/2022chojnackay/Bureau/EI/teamplutoei/install/lower_level/lib/python3.10/site-packages/lower_level-0.0.0-py3.10.egg-info
running install_scripts
Installing joyteleop script to /users/student/2022chojnackay/Bureau/EI/teamplutoei/install/lower_level/lib/lower_level
Installing speed_controller script to /users/student/2022chojnackay/Bureau/EI/teamplutoei/install/lower_level/lib/lower_level
Installing twist2pic script to /users/student/2022chojnackay/Bureau/EI/teamplutoei/install/lower_level/lib/lower_level
writing list of installed files to '/users/student/2022chojnackay/Bureau/EI/teamplutoei/build/lower_level/install.log'
