[1.680s] Invoking command in '/home/mystudent/Documents/EiDrone/myworkspace/src/teleop': PYTHONPATH=/home/mystudent/Documents/EiDrone/myworkspace/build/teleop/prefix_override:/usr/lib/python3/dist-packages/colcon_core/task/python/colcon_distutils_commands:/home/mystudent/Documents/EiDrone/myworkspace/install/teleop/lib/python3.10/site-packages:${PYTHONPATH} /usr/bin/python3 -W ignore:setup.py install is deprecated setup.py egg_info --egg-base ../../build/teleop build --build-base /home/mystudent/Documents/EiDrone/myworkspace/build/teleop/build install --record /home/mystudent/Documents/EiDrone/myworkspace/build/teleop/install.log --single-version-externally-managed install_data
[1.991s] running egg_info
[1.992s] writing ../../build/teleop/teleop.egg-info/PKG-INFO
[1.992s] writing dependency_links to ../../build/teleop/teleop.egg-info/dependency_links.txt
[1.993s] writing entry points to ../../build/teleop/teleop.egg-info/entry_points.txt
[1.993s] writing requirements to ../../build/teleop/teleop.egg-info/requires.txt
[1.994s] writing top-level names to ../../build/teleop/teleop.egg-info/top_level.txt
[1.997s] reading manifest file '../../build/teleop/teleop.egg-info/SOURCES.txt'
[1.998s] writing manifest file '../../build/teleop/teleop.egg-info/SOURCES.txt'
[1.998s] running build
[1.999s] running build_py
[1.999s] running install
[1.999s] running install_lib
[2.000s] running install_data
[2.000s] running install_egg_info
[2.002s] removing '/home/mystudent/Documents/EiDrone/myworkspace/install/teleop/lib/python3.10/site-packages/teleop-0.0.0-py3.10.egg-info' (and everything under it)
[2.002s] Copying ../../build/teleop/teleop.egg-info to /home/mystudent/Documents/EiDrone/myworkspace/install/teleop/lib/python3.10/site-packages/teleop-0.0.0-py3.10.egg-info
[2.003s] running install_scripts
[2.025s] Installing joyteleop script to /home/mystudent/Documents/EiDrone/myworkspace/install/teleop/lib/teleop
[2.026s] writing list of installed files to '/home/mystudent/Documents/EiDrone/myworkspace/build/teleop/install.log'
[2.062s] Invoked command in '/home/mystudent/Documents/EiDrone/myworkspace/src/teleop' returned '0': PYTHONPATH=/home/mystudent/Documents/EiDrone/myworkspace/build/teleop/prefix_override:/usr/lib/python3/dist-packages/colcon_core/task/python/colcon_distutils_commands:/home/mystudent/Documents/EiDrone/myworkspace/install/teleop/lib/python3.10/site-packages:${PYTHONPATH} /usr/bin/python3 -W ignore:setup.py install is deprecated setup.py egg_info --egg-base ../../build/teleop build --build-base /home/mystudent/Documents/EiDrone/myworkspace/build/teleop/build install --record /home/mystudent/Documents/EiDrone/myworkspace/build/teleop/install.log --single-version-externally-managed install_data
