running egg_info
writing ../../build/lower_level/lower_level.egg-info/PKG-INFO
writing dependency_links to ../../build/lower_level/lower_level.egg-info/dependency_links.txt
writing entry points to ../../build/lower_level/lower_level.egg-info/entry_points.txt
writing requirements to ../../build/lower_level/lower_level.egg-info/requires.txt
writing top-level names to ../../build/lower_level/lower_level.egg-info/top_level.txt
reading manifest file '../../build/lower_level/lower_level.egg-info/SOURCES.txt'
writing manifest file '../../build/lower_level/lower_level.egg-info/SOURCES.txt'
running build
running build_py
copying lower_level/slide.py -> /users/student/2022chojnackay/Bureau/EI/teamplutoei/build/lower_level/build/lib/lower_level
copying lower_level/u_turn.py -> /users/student/2022chojnackay/Bureau/EI/teamplutoei/build/lower_level/build/lib/lower_level
running install
running install_lib
copying /users/student/2022chojnackay/Bureau/EI/teamplutoei/build/lower_level/build/lib/lower_level/slide.py -> /users/student/2022chojnackay/Bureau/EI/teamplutoei/install/lower_level/lib/python3.10/site-packages/lower_level
copying /users/student/2022chojnackay/Bureau/EI/teamplutoei/build/lower_level/build/lib/lower_level/u_turn.py -> /users/student/2022chojnackay/Bureau/EI/teamplutoei/install/lower_level/lib/python3.10/site-packages/lower_level
byte-compiling /users/student/2022chojnackay/Bureau/EI/teamplutoei/install/lower_level/lib/python3.10/site-packages/lower_level/slide.py to slide.cpython-310.pyc
byte-compiling /users/student/2022chojnackay/Bureau/EI/teamplutoei/install/lower_level/lib/python3.10/site-packages/lower_level/u_turn.py to u_turn.cpython-310.pyc
running install_data
running install_egg_info
removing '/users/student/2022chojnackay/Bureau/EI/teamplutoei/install/lower_level/lib/python3.10/site-packages/lower_level-0.0.0-py3.10.egg-info' (and everything under it)
Copying ../../build/lower_level/lower_level.egg-info to /users/student/2022chojnackay/Bureau/EI/teamplutoei/install/lower_level/lib/python3.10/site-packages/lower_level-0.0.0-py3.10.egg-info
running install_scripts
Installing joyteleop script to /users/student/2022chojnackay/Bureau/EI/teamplutoei/install/lower_level/lib/lower_level
Installing speed_controller script to /users/student/2022chojnackay/Bureau/EI/teamplutoei/install/lower_level/lib/lower_level
Installing twist2pic script to /users/student/2022chojnackay/Bureau/EI/teamplutoei/install/lower_level/lib/lower_level
writing list of installed files to '/users/student/2022chojnackay/Bureau/EI/teamplutoei/build/lower_level/install.log'
