running egg_info
creating ../../build/advanced_behaviors/advanced_behaviors.egg-info
writing ../../build/advanced_behaviors/advanced_behaviors.egg-info/PKG-INFO
writing dependency_links to ../../build/advanced_behaviors/advanced_behaviors.egg-info/dependency_links.txt
writing entry points to ../../build/advanced_behaviors/advanced_behaviors.egg-info/entry_points.txt
writing requirements to ../../build/advanced_behaviors/advanced_behaviors.egg-info/requires.txt
writing top-level names to ../../build/advanced_behaviors/advanced_behaviors.egg-info/top_level.txt
writing manifest file '../../build/advanced_behaviors/advanced_behaviors.egg-info/SOURCES.txt'
reading manifest file '../../build/advanced_behaviors/advanced_behaviors.egg-info/SOURCES.txt'
writing manifest file '../../build/advanced_behaviors/advanced_behaviors.egg-info/SOURCES.txt'
running build
running build_py
creating /home/mystudent/Documents/EiDrone/myworkspace/build/advanced_behaviors/build
creating /home/mystudent/Documents/EiDrone/myworkspace/build/advanced_behaviors/build/lib
creating /home/mystudent/Documents/EiDrone/myworkspace/build/advanced_behaviors/build/lib/advanced_behaviors
copying advanced_behaviors/__init__.py -> /home/mystudent/Documents/EiDrone/myworkspace/build/advanced_behaviors/build/lib/advanced_behaviors
copying advanced_behaviors/slide.py -> /home/mystudent/Documents/EiDrone/myworkspace/build/advanced_behaviors/build/lib/advanced_behaviors
copying advanced_behaviors/u_turn.py -> /home/mystudent/Documents/EiDrone/myworkspace/build/advanced_behaviors/build/lib/advanced_behaviors
running install
running install_lib
creating /home/mystudent/Documents/EiDrone/myworkspace/install/advanced_behaviors/lib/python3.10/site-packages/advanced_behaviors
copying /home/mystudent/Documents/EiDrone/myworkspace/build/advanced_behaviors/build/lib/advanced_behaviors/__init__.py -> /home/mystudent/Documents/EiDrone/myworkspace/install/advanced_behaviors/lib/python3.10/site-packages/advanced_behaviors
copying /home/mystudent/Documents/EiDrone/myworkspace/build/advanced_behaviors/build/lib/advanced_behaviors/slide.py -> /home/mystudent/Documents/EiDrone/myworkspace/install/advanced_behaviors/lib/python3.10/site-packages/advanced_behaviors
copying /home/mystudent/Documents/EiDrone/myworkspace/build/advanced_behaviors/build/lib/advanced_behaviors/u_turn.py -> /home/mystudent/Documents/EiDrone/myworkspace/install/advanced_behaviors/lib/python3.10/site-packages/advanced_behaviors
byte-compiling /home/mystudent/Documents/EiDrone/myworkspace/install/advanced_behaviors/lib/python3.10/site-packages/advanced_behaviors/__init__.py to __init__.cpython-310.pyc
byte-compiling /home/mystudent/Documents/EiDrone/myworkspace/install/advanced_behaviors/lib/python3.10/site-packages/advanced_behaviors/slide.py to slide.cpython-310.pyc
byte-compiling /home/mystudent/Documents/EiDrone/myworkspace/install/advanced_behaviors/lib/python3.10/site-packages/advanced_behaviors/u_turn.py to u_turn.cpython-310.pyc
running install_data
creating /home/mystudent/Documents/EiDrone/myworkspace/install/advanced_behaviors/share/ament_index
creating /home/mystudent/Documents/EiDrone/myworkspace/install/advanced_behaviors/share/ament_index/resource_index
creating /home/mystudent/Documents/EiDrone/myworkspace/install/advanced_behaviors/share/ament_index/resource_index/packages
copying resource/advanced_behaviors -> /home/mystudent/Documents/EiDrone/myworkspace/install/advanced_behaviors/share/ament_index/resource_index/packages
copying package.xml -> /home/mystudent/Documents/EiDrone/myworkspace/install/advanced_behaviors/share/advanced_behaviors
running install_egg_info
Copying ../../build/advanced_behaviors/advanced_behaviors.egg-info to /home/mystudent/Documents/EiDrone/myworkspace/install/advanced_behaviors/lib/python3.10/site-packages/advanced_behaviors-0.0.0-py3.10.egg-info
running install_scripts
Installing slide script to /home/mystudent/Documents/EiDrone/myworkspace/install/advanced_behaviors/lib/advanced_behaviors
Installing u_turn script to /home/mystudent/Documents/EiDrone/myworkspace/install/advanced_behaviors/lib/advanced_behaviors
writing list of installed files to '/home/mystudent/Documents/EiDrone/myworkspace/build/advanced_behaviors/install.log'
